INFO:root:Initialized bot Settler
INFO:root:---NEW TURN---
INFO:root:Starting my Settler bot!
INFO:root:---NEW TURN---
INFO:root:---NEW TURN---
INFO:root:---NEW TURN---
INFO:root:---NEW TURN---
INFO:root:---NEW TURN---
INFO:root:---NEW TURN---
INFO:root:---NEW TURN---
INFO:root:---NEW TURN---
INFO:root:---NEW TURN---
INFO:root:---NEW TURN---
INFO:root:---NEW TURN---
INFO:root:---NEW TURN---
INFO:root:---NEW TURN---
INFO:root:---NEW TURN---
INFO:root:---NEW TURN---
INFO:root:---NEW TURN---
INFO:root:---NEW TURN---
INFO:root:---NEW TURN---
INFO:root:---NEW TURN---
INFO:root:---NEW TURN---
INFO:root:---NEW TURN---
INFO:root:---NEW TURN---
INFO:root:---NEW TURN---
INFO:root:---NEW TURN---
INFO:root:---NEW TURN---
INFO:root:---NEW TURN---
INFO:root:---NEW TURN---
INFO:root:---NEW TURN---
INFO:root:---NEW TURN---
INFO:root:---NEW TURN---
INFO:root:---NEW TURN---
INFO:root:---NEW TURN---
INFO:root:---NEW TURN---
INFO:root:---NEW TURN---
INFO:root:---NEW TURN---
INFO:root:---NEW TURN---
INFO:root:---NEW TURN---
INFO:root:---NEW TURN---
INFO:root:---NEW TURN---
INFO:root:---NEW TURN---
INFO:root:---NEW TURN---
INFO:root:---NEW TURN---
INFO:root:---NEW TURN---
INFO:root:---NEW TURN---
INFO:root:---NEW TURN---
INFO:root:---NEW TURN---
INFO:root:---NEW TURN---
INFO:root:---NEW TURN---
INFO:root:---NEW TURN---
INFO:root:---NEW TURN---
INFO:root:---NEW TURN---
INFO:root:---NEW TURN---
INFO:root:---NEW TURN---
INFO:root:---NEW TURN---
INFO:root:---NEW TURN---
INFO:root:---NEW TURN---
INFO:root:---NEW TURN---
INFO:root:---NEW TURN---
INFO:root:---NEW TURN---
INFO:root:---NEW TURN---
INFO:root:---NEW TURN---
INFO:root:---NEW TURN---
INFO:root:---NEW TURN---
INFO:root:Entity Ship (id: 26) at position: (x = 111.41340191316952, y = 18.339203684573977), with radius = 0.5
INFO:root:Entity Ship (id: 26) at position: (x = 111.41340191316952, y = 18.339203684573977), with radius = 0.5
INFO:root:Entity Ship (id: 12) at position: (x = 63.94348134926488, y = 107.34049121932479), with radius = 0.5
INFO:root:---NEW TURN---
INFO:root:Entity Ship (id: 26) at position: (x = 106.46365444486369, y = 13.389456216268147), with radius = 0.5
INFO:root:Entity Ship (id: 26) at position: (x = 106.46365444486369, y = 13.389456216268147), with radius = 0.5
INFO:root:Entity Ship (id: 12) at position: (x = 63.94348134926488, y = 107.34049121932479), with radius = 0.5
INFO:root:---NEW TURN---
INFO:root:Entity Ship (id: 26) at position: (x = 101.51390697655786, y = 8.439708747962316), with radius = 0.5
INFO:root:Entity Ship (id: 26) at position: (x = 101.51390697655786, y = 8.439708747962316), with radius = 0.5
INFO:root:Entity Ship (id: 12) at position: (x = 63.94348134926488, y = 107.34049121932479), with radius = 0.5
INFO:root:---NEW TURN---
INFO:root:Entity Ship (id: 26) at position: (x = 101.51390697655786, y = 8.439708747962316), with radius = 0.5
INFO:root:Entity Ship (id: 26) at position: (x = 101.51390697655786, y = 8.439708747962316), with radius = 0.5
INFO:root:Entity Ship (id: 12) at position: (x = 63.94348134926488, y = 107.34049121932479), with radius = 0.5
INFO:root:Entity Ship (id: 12) at position: (x = 63.94348134926488, y = 107.34049121932479), with radius = 0.5
INFO:root:Entity Ship (id: 12) at position: (x = 63.94348134926488, y = 107.34049121932479), with radius = 0.5
INFO:root:---NEW TURN---
INFO:root:Entity Ship (id: 26) at position: (x = 101.51390697655786, y = 8.439708747962316), with radius = 0.5
INFO:root:Entity Ship (id: 26) at position: (x = 101.51390697655786, y = 8.439708747962316), with radius = 0.5
INFO:root:Entity Ship (id: 12) at position: (x = 63.94348134926488, y = 107.34049121932479), with radius = 0.5
INFO:root:Entity Ship (id: 12) at position: (x = 63.94348134926488, y = 107.34049121932479), with radius = 0.5
INFO:root:Entity Ship (id: 12) at position: (x = 63.94348134926488, y = 107.34049121932479), with radius = 0.5
INFO:root:Entity Ship (id: 41) at position: (x = 102.94612744991313, y = 72.5369668146625), with radius = 0.5
INFO:root:---NEW TURN---
INFO:root:Entity Ship (id: 12) at position: (x = 63.94348134926488, y = 107.34049121932479), with radius = 0.5
INFO:root:Entity Ship (id: 12) at position: (x = 63.94348134926488, y = 107.34049121932479), with radius = 0.5
INFO:root:Entity Ship (id: 12) at position: (x = 63.94348134926488, y = 107.34049121932479), with radius = 0.5
INFO:root:Entity Ship (id: 41) at position: (x = 102.94612744991313, y = 72.5369668146625), with radius = 0.5
INFO:root:Entity Ship (id: 26) at position: (x = 102.46795195344059, y = 13.347844665200634), with radius = 0.5
INFO:root:---NEW TURN---
INFO:root:---NEW TURN---
INFO:root:---NEW TURN---
INFO:root:---NEW TURN---
INFO:root:---NEW TURN---
INFO:root:---NEW TURN---
INFO:root:Entity Ship (id: 54) at position: (x = 79.75448056353669, y = 107.43740634728556), with radius = 0.5
INFO:root:Entity Ship (id: 38) at position: (x = 111.64077816517688, y = 50.13072826346428), with radius = 0.5
INFO:root:---NEW TURN---
INFO:root:Entity Ship (id: 54) at position: (x = 76.76589646926145, y = 107.69887357552854), with radius = 0.5
INFO:root:Entity Ship (id: 38) at position: (x = 109.0185320112655, y = 56.62101524543179), with radius = 0.5
INFO:root:Entity Ship (id: 8) at position: (x = 48.92065952269235, y = 129.79966329909277), with radius = 0.5
INFO:root:---NEW TURN---
INFO:root:Entity Ship (id: 54) at position: (x = 76.76589646926145, y = 107.69887357552854), with radius = 0.5
INFO:root:Entity Ship (id: 38) at position: (x = 106.39628585735412, y = 63.11130222739931), with radius = 0.5
INFO:root:Entity Ship (id: 8) at position: (x = 48.92065952269235, y = 129.79966329909277), with radius = 0.5
INFO:root:---NEW TURN---
INFO:root:---NEW TURN---
INFO:root:---NEW TURN---
INFO:root:---NEW TURN---
INFO:root:Entity Ship (id: 54) at position: (x = 99.00087874316326, y = 96.44632611214922), with radius = 0.5
INFO:root:Entity Ship (id: 49) at position: (x = 102.69712180047611, y = 70.70169277560527), with radius = 0.5
INFO:root:Entity Ship (id: 74) at position: (x = 46.76328973000544, y = 128.16801092193109), with radius = 0.5
INFO:root:Entity Ship (id: 54) at position: (x = 99.00087874316326, y = 96.44632611214922), with radius = 0.5
INFO:root:Entity Ship (id: 26) at position: (x = 84.58740974497111, y = 33.50046294485719), with radius = 0.5
INFO:root:Entity Ship (id: 60) at position: (x = 103.1373079113131, y = 65.80681360155492), with radius = 0.5
INFO:root:Entity Ship (id: 26) at position: (x = 84.58740974497111, y = 33.50046294485719), with radius = 0.5
INFO:root:Entity Ship (id: 26) at position: (x = 84.58740974497111, y = 33.50046294485719), with radius = 0.5
INFO:root:---NEW TURN---
INFO:root:Entity Ship (id: 69) at position: (x = 96.56941665518194, y = 116.14889450160695), with radius = 0.5
INFO:root:Entity Ship (id: 49) at position: (x = 102.69712180047611, y = 70.70169277560527), with radius = 0.5
INFO:root:Entity Ship (id: 74) at position: (x = 49.27186537682254, y = 121.63294793645069), with radius = 0.5
INFO:root:Entity Ship (id: 21) at position: (x = 101.14328446294515, y = 90.56290907204156), with radius = 0.5
INFO:root:Entity Ship (id: 26) at position: (x = 83.01275236456407, y = 40.32105339835384), with radius = 0.5
INFO:root:Entity Ship (id: 60) at position: (x = 102.4812488823226, y = 65.05210402133214), with radius = 0.5
INFO:root:Entity Ship (id: 26) at position: (x = 83.01275236456407, y = 40.32105339835384), with radius = 0.5
INFO:root:Entity Ship (id: 26) at position: (x = 83.01275236456407, y = 40.32105339835384), with radius = 0.5
INFO:root:---NEW TURN---
INFO:root:Entity Ship (id: 69) at position: (x = 91.88550241066993, y = 110.9468807232652), with radius = 0.5
INFO:root:Entity Ship (id: 49) at position: (x = 102.69712180047611, y = 70.70169277560527), with radius = 0.5
INFO:root:Entity Ship (id: 21) at position: (x = 101.14328446294515, y = 90.56290907204156), with radius = 0.5
INFO:root:Entity Ship (id: 26) at position: (x = 83.01275236456407, y = 40.32105339835384), with radius = 0.5
INFO:root:Entity Ship (id: 60) at position: (x = 102.4812488823226, y = 65.05210402133214), with radius = 0.5
INFO:root:Entity Ship (id: 26) at position: (x = 83.01275236456407, y = 40.32105339835384), with radius = 0.5
INFO:root:Entity Ship (id: 26) at position: (x = 83.01275236456407, y = 40.32105339835384), with radius = 0.5
INFO:root:---NEW TURN---
INFO:root:Entity Ship (id: 69) at position: (x = 91.88550241066993, y = 110.9468807232652), with radius = 0.5
INFO:root:Entity Ship (id: 49) at position: (x = 102.69712180047611, y = 70.70169277560527), with radius = 0.5
INFO:root:Entity Ship (id: 21) at position: (x = 101.14328446294515, y = 90.56290907204156), with radius = 0.5
INFO:root:Entity Ship (id: 26) at position: (x = 83.01275236456407, y = 40.32105339835384), with radius = 0.5
INFO:root:Entity Ship (id: 26) at position: (x = 83.01275236456407, y = 40.32105339835384), with radius = 0.5
INFO:root:Entity Ship (id: 26) at position: (x = 83.01275236456407, y = 40.32105339835384), with radius = 0.5
INFO:root:---NEW TURN---
INFO:root:Entity Ship (id: 49) at position: (x = 102.69712180047611, y = 70.70169277560527), with radius = 0.5
INFO:root:Entity Ship (id: 21) at position: (x = 101.14328446294515, y = 90.56290907204156), with radius = 0.5
INFO:root:Entity Ship (id: 49) at position: (x = 102.69712180047611, y = 70.70169277560527), with radius = 0.5
INFO:root:Entity Ship (id: 60) at position: (x = 103.69085836032095, y = 69.90358265271213), with radius = 0.5
INFO:root:Entity Ship (id: 49) at position: (x = 102.69712180047611, y = 70.70169277560527), with radius = 0.5
INFO:root:---NEW TURN---
INFO:root:---NEW TURN---
INFO:root:---NEW TURN---
INFO:root:---NEW TURN---
INFO:root:---NEW TURN---
INFO:root:Entity Ship (id: 54) at position: (x = 105.13506989847815, y = 78.31673238814766), with radius = 0.5
INFO:root:Entity Ship (id: 80) at position: (x = 114.82642365539168, y = 62.16281641982115), with radius = 0.5
INFO:root:Entity Ship (id: 54) at position: (x = 105.13506989847815, y = 78.31673238814766), with radius = 0.5
INFO:root:Entity Ship (id: 8) at position: (x = 48.92065952269235, y = 129.79966329909277), with radius = 0.5
INFO:root:Entity Ship (id: 21) at position: (x = 101.14328446294515, y = 90.56290907204156), with radius = 0.5
INFO:root:---NEW TURN---
INFO:root:---NEW TURN---
INFO:root:---NEW TURN---
INFO:root:---NEW TURN---
INFO:root:---NEW TURN---
INFO:root:---NEW TURN---
INFO:root:---NEW TURN---
INFO:root:---NEW TURN---
INFO:root:---NEW TURN---
INFO:root:---NEW TURN---
INFO:root:---NEW TURN---
INFO:root:---NEW TURN---
INFO:root:---NEW TURN---
INFO:root:---NEW TURN---
INFO:root:---NEW TURN---
INFO:root:---NEW TURN---
INFO:root:Entity Ship (id: 21) at position: (x = 101.14328446294515, y = 90.56290907204156), with radius = 0.5
INFO:root:Entity Ship (id: 104) at position: (x = 121.44991131327993, y = 76.26838466272628), with radius = 0.5
INFO:root:Entity Ship (id: 104) at position: (x = 121.44991131327993, y = 76.26838466272628), with radius = 0.5
INFO:root:Entity Ship (id: 96) at position: (x = 66.56563366347707, y = 109.28394932249856), with radius = 0.5
INFO:root:Entity Ship (id: 96) at position: (x = 66.56563366347707, y = 109.28394932249856), with radius = 0.5
INFO:root:Entity Ship (id: 96) at position: (x = 66.56563366347707, y = 109.28394932249856), with radius = 0.5
INFO:root:Entity Ship (id: 104) at position: (x = 121.44991131327993, y = 76.26838466272628), with radius = 0.5
INFO:root:Entity Ship (id: 33) at position: (x = 135.48494024064485, y = 30.76388667898745), with radius = 0.5
INFO:root:Entity Ship (id: 96) at position: (x = 66.56563366347707, y = 109.28394932249856), with radius = 0.5
INFO:root:---NEW TURN---
INFO:root:---NEW TURN---
INFO:root:Entity Ship (id: 21) at position: (x = 101.14328446294515, y = 90.56290907204156), with radius = 0.5
INFO:root:Entity Ship (id: 96) at position: (x = 66.56563366347707, y = 109.28394932249856), with radius = 0.5
INFO:root:Entity Ship (id: 96) at position: (x = 66.56563366347707, y = 109.28394932249856), with radius = 0.5
INFO:root:Entity Ship (id: 96) at position: (x = 66.56563366347707, y = 109.28394932249856), with radius = 0.5
INFO:root:Entity Ship (id: 99) at position: (x = 136.8435551237811, y = 77.58832036230417), with radius = 0.5
INFO:root:Entity Ship (id: 33) at position: (x = 135.48494024064485, y = 30.76388667898745), with radius = 0.5
INFO:root:Entity Ship (id: 21) at position: (x = 101.14328446294515, y = 90.56290907204156), with radius = 0.5
INFO:root:---NEW TURN---
INFO:root:Entity Ship (id: 21) at position: (x = 101.14328446294515, y = 90.56290907204156), with radius = 0.5
INFO:root:Entity Ship (id: 96) at position: (x = 66.56563366347707, y = 109.28394932249856), with radius = 0.5
INFO:root:Entity Ship (id: 96) at position: (x = 66.56563366347707, y = 109.28394932249856), with radius = 0.5
INFO:root:Entity Ship (id: 96) at position: (x = 66.56563366347707, y = 109.28394932249856), with radius = 0.5
INFO:root:Entity Ship (id: 99) at position: (x = 136.8435551237811, y = 77.58832036230417), with radius = 0.5
INFO:root:Entity Ship (id: 33) at position: (x = 135.48494024064485, y = 30.76388667898745), with radius = 0.5
INFO:root:Entity Ship (id: 21) at position: (x = 101.14328446294515, y = 90.56290907204156), with radius = 0.5
INFO:root:---NEW TURN---
INFO:root:Entity Ship (id: 21) at position: (x = 101.14328446294515, y = 90.56290907204156), with radius = 0.5
INFO:root:Entity Ship (id: 96) at position: (x = 66.56563366347707, y = 109.28394932249856), with radius = 0.5
INFO:root:Entity Ship (id: 96) at position: (x = 66.56563366347707, y = 109.28394932249856), with radius = 0.5
INFO:root:Entity Ship (id: 96) at position: (x = 66.56563366347707, y = 109.28394932249856), with radius = 0.5
INFO:root:Entity Ship (id: 99) at position: (x = 136.8435551237811, y = 77.58832036230417), with radius = 0.5
INFO:root:Entity Ship (id: 123) at position: (x = 123.79531482908992, y = 37.53661347758007), with radius = 0.5
INFO:root:Entity Ship (id: 21) at position: (x = 101.14328446294515, y = 90.56290907204156), with radius = 0.5
INFO:root:---NEW TURN---
INFO:root:---NEW TURN---
INFO:root:---NEW TURN---
INFO:root:---NEW TURN---
INFO:root:---NEW TURN---
INFO:root:---NEW TURN---
INFO:root:Entity Ship (id: 122) at position: (x = 109.998410334664, y = 82.41813657946017), with radius = 0.5
INFO:root:Entity Ship (id: 124) at position: (x = 93.10442292671037, y = 100.28940073342127), with radius = 0.5
INFO:root:Entity Ship (id: 8) at position: (x = 48.92065952269235, y = 129.79966329909277), with radius = 0.5
INFO:root:Entity Ship (id: 122) at position: (x = 109.998410334664, y = 82.41813657946017), with radius = 0.5
INFO:root:Entity Ship (id: 124) at position: (x = 93.10442292671037, y = 100.28940073342127), with radius = 0.5
INFO:root:Entity Ship (id: 8) at position: (x = 48.92065952269235, y = 129.79966329909277), with radius = 0.5
INFO:root:Entity Ship (id: 122) at position: (x = 109.998410334664, y = 82.41813657946017), with radius = 0.5
INFO:root:Entity Ship (id: 33) at position: (x = 135.48494024064485, y = 30.76388667898745), with radius = 0.5
INFO:root:---NEW TURN---
INFO:root:Entity Ship (id: 113) at position: (x = 114.20514365436209, y = 82.43899652853085), with radius = 0.5
INFO:root:Entity Ship (id: 124) at position: (x = 86.48579289751515, y = 102.56837781462139), with radius = 0.5
INFO:root:Entity Ship (id: 139) at position: (x = 46.76328973000544, y = 128.16801092193109), with radius = 0.5
INFO:root:Entity Ship (id: 113) at position: (x = 114.20514365436209, y = 82.43899652853085), with radius = 0.5
INFO:root:Entity Ship (id: 124) at position: (x = 86.48579289751515, y = 102.56837781462139), with radius = 0.5
INFO:root:Entity Ship (id: 139) at position: (x = 46.76328973000544, y = 128.16801092193109), with radius = 0.5
INFO:root:Entity Ship (id: 113) at position: (x = 114.20514365436209, y = 82.43899652853085), with radius = 0.5
INFO:root:Entity Ship (id: 33) at position: (x = 135.48494024064485, y = 30.76388667898745), with radius = 0.5
INFO:root:Entity Ship (id: 124) at position: (x = 86.48579289751515, y = 102.56837781462139), with radius = 0.5
INFO:root:---NEW TURN---
INFO:root:---NEW TURN---
INFO:root:Entity Ship (id: 124) at position: (x = 87.08468284211827, y = 101.44256517639856), with radius = 0.5
INFO:root:Entity Ship (id: 139) at position: (x = 54.57499277973107, y = 118.16948697025762), with radius = 0.5
INFO:root:Entity Ship (id: 139) at position: (x = 54.57499277973107, y = 118.16948697025762), with radius = 0.5
INFO:root:Entity Ship (id: 139) at position: (x = 54.57499277973107, y = 118.16948697025762), with radius = 0.5
INFO:root:Entity Ship (id: 121) at position: (x = 118.950501757965, y = 84.22886014064895), with radius = 0.5
INFO:root:Entity Ship (id: 33) at position: (x = 135.48494024064485, y = 30.76388667898745), with radius = 0.5
INFO:root:Entity Ship (id: 124) at position: (x = 87.08468284211827, y = 101.44256517639856), with radius = 0.5
INFO:root:---NEW TURN---
INFO:root:Entity Ship (id: 8) at position: (x = 48.92065952269235, y = 129.79966329909277), with radius = 0.5
INFO:root:Entity Ship (id: 8) at position: (x = 48.92065952269235, y = 129.79966329909277), with radius = 0.5
INFO:root:Entity Ship (id: 121) at position: (x = 114.04236584072669, y = 83.27481516376622), with radius = 0.5
INFO:root:Entity Ship (id: 33) at position: (x = 135.48494024064485, y = 30.76388667898745), with radius = 0.5
INFO:root:Entity Ship (id: 134) at position: (x = 89.22095375414358, y = 101.69921682770017), with radius = 0.5
INFO:root:---NEW TURN---
INFO:root:Entity Ship (id: 8) at position: (x = 48.92065952269235, y = 129.79966329909277), with radius = 0.5
INFO:root:Entity Ship (id: 8) at position: (x = 48.92065952269235, y = 129.79966329909277), with radius = 0.5
INFO:root:Entity Ship (id: 116) at position: (x = 114.69884732996489, y = 81.59398591946494), with radius = 0.5
INFO:root:Entity Ship (id: 127) at position: (x = 135.29734500536273, y = 39.26495246597678), with radius = 0.5
INFO:root:Entity Ship (id: 134) at position: (x = 84.10147784280939, y = 96.92522830726267), with radius = 0.5
INFO:root:---NEW TURN---
INFO:root:Entity Ship (id: 8) at position: (x = 48.92065952269235, y = 129.79966329909277), with radius = 0.5
INFO:root:Entity Ship (id: 8) at position: (x = 48.92065952269235, y = 129.79966329909277), with radius = 0.5
INFO:root:Entity Ship (id: 116) at position: (x = 114.69884732996489, y = 81.59398591946494), with radius = 0.5
INFO:root:Entity Ship (id: 144) at position: (x = 126.97483167770615, y = 38.05112761195962), with radius = 0.5
INFO:root:Entity Ship (id: 134) at position: (x = 78.9820019314752, y = 92.15123978682519), with radius = 0.5
INFO:root:---NEW TURN---
INFO:root:Entity Ship (id: 8) at position: (x = 48.92065952269235, y = 129.79966329909277), with radius = 0.5
INFO:root:Entity Ship (id: 8) at position: (x = 48.92065952269235, y = 129.79966329909277), with radius = 0.5
INFO:root:Entity Ship (id: 144) at position: (x = 125.97620214295158, y = 38.103463568202564), with radius = 0.5
INFO:root:Entity Ship (id: 134) at position: (x = 73.69903486991579, y = 87.55882658389163), with radius = 0.5
INFO:root:---NEW TURN---
INFO:root:Entity Ship (id: 8) at position: (x = 48.92065952269235, y = 129.79966329909277), with radius = 0.5
INFO:root:Entity Ship (id: 8) at position: (x = 48.92065952269235, y = 129.79966329909277), with radius = 0.5
INFO:root:Entity Ship (id: 144) at position: (x = 125.97620214295158, y = 38.103463568202564), with radius = 0.5
INFO:root:Entity Ship (id: 134) at position: (x = 67.12118652441443, y = 89.95296758717132), with radius = 0.5
INFO:root:Entity Ship (id: 8) at position: (x = 48.92065952269235, y = 129.79966329909277), with radius = 0.5
INFO:root:---NEW TURN---
INFO:root:---NEW TURN---
INFO:root:---NEW TURN---
INFO:root:---NEW TURN---
INFO:root:---NEW TURN---
INFO:root:Entity Ship (id: 134) at position: (x = 55.280813280513456, y = 107.08424189323323), with radius = 0.5
INFO:root:Entity Ship (id: 134) at position: (x = 55.280813280513456, y = 107.08424189323323), with radius = 0.5
INFO:root:Entity Ship (id: 146) at position: (x = 119.17750966611892, y = 67.52242705270285), with radius = 0.5
INFO:root:Entity Ship (id: 134) at position: (x = 55.280813280513456, y = 107.08424189323323), with radius = 0.5
INFO:root:Entity Ship (id: 134) at position: (x = 55.280813280513456, y = 107.08424189323323), with radius = 0.5
INFO:root:Entity Ship (id: 134) at position: (x = 55.280813280513456, y = 107.08424189323323), with radius = 0.5
INFO:root:Entity Ship (id: 146) at position: (x = 119.17750966611892, y = 67.52242705270285), with radius = 0.5
INFO:root:Entity Ship (id: 127) at position: (x = 135.38460703754913, y = 34.265713990194826), with radius = 0.5
INFO:root:Entity Ship (id: 134) at position: (x = 55.280813280513456, y = 107.08424189323323), with radius = 0.5
INFO:root:---NEW TURN---
INFO:root:---NEW TURN---
INFO:root:---NEW TURN---
INFO:root:Entity Ship (id: 134) at position: (x = 72.19377880997291, y = 107.46802660398517), with radius = 0.5
INFO:root:Entity Ship (id: 134) at position: (x = 72.19377880997291, y = 107.46802660398517), with radius = 0.5
INFO:root:Entity Ship (id: 134) at position: (x = 72.19377880997291, y = 107.46802660398517), with radius = 0.5
INFO:root:Entity Ship (id: 134) at position: (x = 72.19377880997291, y = 107.46802660398517), with radius = 0.5
INFO:root:Entity Ship (id: 134) at position: (x = 72.19377880997291, y = 107.46802660398517), with radius = 0.5
INFO:root:Entity Ship (id: 149) at position: (x = 130.16815882957627, y = 38.624742512308515), with radius = 0.5
INFO:root:Entity Ship (id: 149) at position: (x = 130.16815882957627, y = 38.624742512308515), with radius = 0.5
INFO:root:Entity Ship (id: 134) at position: (x = 72.19377880997291, y = 107.46802660398517), with radius = 0.5
INFO:root:---NEW TURN---
INFO:root:Entity Ship (id: 134) at position: (x = 70.21840212878264, y = 107.78089553406562), with radius = 0.5
INFO:root:Entity Ship (id: 134) at position: (x = 70.21840212878264, y = 107.78089553406562), with radius = 0.5
INFO:root:Entity Ship (id: 134) at position: (x = 70.21840212878264, y = 107.78089553406562), with radius = 0.5
INFO:root:Entity Ship (id: 134) at position: (x = 70.21840212878264, y = 107.78089553406562), with radius = 0.5
INFO:root:Entity Ship (id: 134) at position: (x = 70.21840212878264, y = 107.78089553406562), with radius = 0.5
INFO:root:Entity Ship (id: 149) at position: (x = 130.16815882957627, y = 38.624742512308515), with radius = 0.5
INFO:root:Entity Ship (id: 149) at position: (x = 130.16815882957627, y = 38.624742512308515), with radius = 0.5
INFO:root:Entity Ship (id: 134) at position: (x = 70.21840212878264, y = 107.78089553406562), with radius = 0.5
INFO:root:---NEW TURN---
INFO:root:Entity Ship (id: 157) at position: (x = 75.68986685369012, y = 112.78652103438607), with radius = 0.5
INFO:root:Entity Ship (id: 157) at position: (x = 75.68986685369012, y = 112.78652103438607), with radius = 0.5
INFO:root:Entity Ship (id: 157) at position: (x = 75.68986685369012, y = 112.78652103438607), with radius = 0.5
INFO:root:Entity Ship (id: 157) at position: (x = 75.68986685369012, y = 112.78652103438607), with radius = 0.5
INFO:root:Entity Ship (id: 157) at position: (x = 75.68986685369012, y = 112.78652103438607), with radius = 0.5
INFO:root:Entity Ship (id: 149) at position: (x = 130.16815882957627, y = 38.624742512308515), with radius = 0.5
INFO:root:Entity Ship (id: 149) at position: (x = 130.16815882957627, y = 38.624742512308515), with radius = 0.5
INFO:root:Entity Ship (id: 157) at position: (x = 75.68986685369012, y = 112.78652103438607), with radius = 0.5
INFO:root:Entity Ship (id: 157) at position: (x = 75.68986685369012, y = 112.78652103438607), with radius = 0.5
INFO:root:---NEW TURN---
INFO:root:---NEW TURN---
INFO:root:---NEW TURN---
INFO:root:Entity Ship (id: 16) at position: (x = 77.16937533788601, y = 134.2028086466925), with radius = 0.5
INFO:root:Entity Ship (id: 16) at position: (x = 77.16937533788601, y = 134.2028086466925), with radius = 0.5
INFO:root:Entity Ship (id: 16) at position: (x = 77.16937533788601, y = 134.2028086466925), with radius = 0.5
INFO:root:Entity Ship (id: 16) at position: (x = 77.16937533788601, y = 134.2028086466925), with radius = 0.5
INFO:root:Entity Ship (id: 168) at position: (x = 127.47396285252248, y = 81.40372536713187), with radius = 0.5
INFO:root:Entity Ship (id: 168) at position: (x = 127.47396285252248, y = 81.40372536713187), with radius = 0.5
INFO:root:Entity Ship (id: 16) at position: (x = 77.16937533788601, y = 134.2028086466925), with radius = 0.5
INFO:root:---NEW TURN---
INFO:root:Entity Ship (id: 16) at position: (x = 77.16937533788601, y = 134.2028086466925), with radius = 0.5
INFO:root:Entity Ship (id: 16) at position: (x = 77.16937533788601, y = 134.2028086466925), with radius = 0.5
INFO:root:Entity Ship (id: 16) at position: (x = 77.16937533788601, y = 134.2028086466925), with radius = 0.5
INFO:root:Entity Ship (id: 16) at position: (x = 77.16937533788601, y = 134.2028086466925), with radius = 0.5
INFO:root:Entity Ship (id: 168) at position: (x = 120.49101450070371, y = 81.89202068334076), with radius = 0.5
INFO:root:Entity Ship (id: 168) at position: (x = 120.49101450070371, y = 81.89202068334076), with radius = 0.5
INFO:root:Entity Ship (id: 16) at position: (x = 77.16937533788601, y = 134.2028086466925), with radius = 0.5
INFO:root:Entity Ship (id: 168) at position: (x = 120.49101450070371, y = 81.89202068334076), with radius = 0.5
INFO:root:---NEW TURN---
INFO:root:Entity Ship (id: 16) at position: (x = 77.16937533788601, y = 134.2028086466925), with radius = 0.5
INFO:root:Entity Ship (id: 16) at position: (x = 77.16937533788601, y = 134.2028086466925), with radius = 0.5
INFO:root:Entity Ship (id: 16) at position: (x = 77.16937533788601, y = 134.2028086466925), with radius = 0.5
INFO:root:Entity Ship (id: 16) at position: (x = 77.16937533788601, y = 134.2028086466925), with radius = 0.5
INFO:root:Entity Ship (id: 168) at position: (x = 119.31544399611876, y = 80.27398669459086), with radius = 0.5
INFO:root:Entity Ship (id: 168) at position: (x = 119.31544399611876, y = 80.27398669459086), with radius = 0.5
INFO:root:Entity Ship (id: 16) at position: (x = 77.16937533788601, y = 134.2028086466925), with radius = 0.5
INFO:root:Entity Ship (id: 168) at position: (x = 119.31544399611876, y = 80.27398669459086), with radius = 0.5
INFO:root:Entity Ship (id: 16) at position: (x = 77.16937533788601, y = 134.2028086466925), with radius = 0.5
INFO:root:Entity Ship (id: 16) at position: (x = 77.16937533788601, y = 134.2028086466925), with radius = 0.5
INFO:root:Entity Ship (id: 16) at position: (x = 77.16937533788601, y = 134.2028086466925), with radius = 0.5
INFO:root:---NEW TURN---
INFO:root:Entity Ship (id: 179) at position: (x = 87.59379820395999, y = 126.1023739900525), with radius = 0.5
INFO:root:Entity Ship (id: 16) at position: (x = 77.16937533788601, y = 134.2028086466925), with radius = 0.5
INFO:root:Entity Ship (id: 16) at position: (x = 77.16937533788601, y = 134.2028086466925), with radius = 0.5
INFO:root:Entity Ship (id: 16) at position: (x = 77.16937533788601, y = 134.2028086466925), with radius = 0.5
INFO:root:Entity Ship (id: 168) at position: (x = 119.8890204324698, y = 81.09313873887984), with radius = 0.5
INFO:root:Entity Ship (id: 168) at position: (x = 119.8890204324698, y = 81.09313873887984), with radius = 0.5
INFO:root:Entity Ship (id: 16) at position: (x = 77.16937533788601, y = 134.2028086466925), with radius = 0.5
INFO:root:Entity Ship (id: 168) at position: (x = 119.8890204324698, y = 81.09313873887984), with radius = 0.5
INFO:root:Entity Ship (id: 179) at position: (x = 87.59379820395999, y = 126.1023739900525), with radius = 0.5
INFO:root:Entity Ship (id: 16) at position: (x = 77.16937533788601, y = 134.2028086466925), with radius = 0.5
INFO:root:Entity Ship (id: 16) at position: (x = 77.16937533788601, y = 134.2028086466925), with radius = 0.5
INFO:root:Entity Ship (id: 168) at position: (x = 119.8890204324698, y = 81.09313873887984), with radius = 0.5
INFO:root:Entity Ship (id: 149) at position: (x = 136.08981655136125, y = 34.229750982969655), with radius = 0.5
INFO:root:---NEW TURN---
INFO:root:Entity Ship (id: 16) at position: (x = 77.16937533788601, y = 134.2028086466925), with radius = 0.5
INFO:root:Entity Ship (id: 16) at position: (x = 77.16937533788601, y = 134.2028086466925), with radius = 0.5
INFO:root:Entity Ship (id: 16) at position: (x = 77.16937533788601, y = 134.2028086466925), with radius = 0.5
INFO:root:Entity Ship (id: 168) at position: (x = 119.8890204324698, y = 81.09313873887984), with radius = 0.5
INFO:root:Entity Ship (id: 168) at position: (x = 119.8890204324698, y = 81.09313873887984), with radius = 0.5
INFO:root:Entity Ship (id: 16) at position: (x = 77.16937533788601, y = 134.2028086466925), with radius = 0.5
INFO:root:Entity Ship (id: 168) at position: (x = 119.8890204324698, y = 81.09313873887984), with radius = 0.5
INFO:root:Entity Ship (id: 16) at position: (x = 77.16937533788601, y = 134.2028086466925), with radius = 0.5
INFO:root:Entity Ship (id: 16) at position: (x = 77.16937533788601, y = 134.2028086466925), with radius = 0.5
INFO:root:Entity Ship (id: 16) at position: (x = 77.16937533788601, y = 134.2028086466925), with radius = 0.5
INFO:root:Entity Ship (id: 168) at position: (x = 119.8890204324698, y = 81.09313873887984), with radius = 0.5
INFO:root:Entity Ship (id: 149) at position: (x = 133.7916832220043, y = 36.15811381202928), with radius = 0.5
INFO:root:Entity Ship (id: 158) at position: (x = 131.9654947790413, y = 42.03511651613587), with radius = 0.5
INFO:root:---NEW TURN---
INFO:root:---NEW TURN---
INFO:root:---NEW TURN---
INFO:root:---NEW TURN---
INFO:root:Entity Ship (id: 142) at position: (x = 107.52991977584482, y = 126.3859856402167), with radius = 0.5
INFO:root:Entity Ship (id: 142) at position: (x = 107.52991977584482, y = 126.3859856402167), with radius = 0.5
INFO:root:Entity Ship (id: 180) at position: (x = 117.40827670031254, y = 103.66687084932813), with radius = 0.5
INFO:root:Entity Ship (id: 142) at position: (x = 107.52991977584482, y = 126.3859856402167), with radius = 0.5
INFO:root:Entity Ship (id: 142) at position: (x = 107.52991977584482, y = 126.3859856402167), with radius = 0.5
INFO:root:Entity Ship (id: 142) at position: (x = 107.52991977584482, y = 126.3859856402167), with radius = 0.5
INFO:root:Entity Ship (id: 180) at position: (x = 117.40827670031254, y = 103.66687084932813), with radius = 0.5
INFO:root:Entity Ship (id: 158) at position: (x = 126.66975520770814, y = 44.41005647290406), with radius = 0.5
INFO:root:Entity Ship (id: 158) at position: (x = 126.66975520770814, y = 44.41005647290406), with radius = 0.5
INFO:root:Entity Ship (id: 142) at position: (x = 107.52991977584482, y = 126.3859856402167), with radius = 0.5
INFO:root:---NEW TURN---
INFO:root:Entity Ship (id: 142) at position: (x = 107.52991977584482, y = 126.3859856402167), with radius = 0.5
INFO:root:Entity Ship (id: 142) at position: (x = 107.52991977584482, y = 126.3859856402167), with radius = 0.5
INFO:root:Entity Ship (id: 142) at position: (x = 107.52991977584482, y = 126.3859856402167), with radius = 0.5
INFO:root:Entity Ship (id: 142) at position: (x = 107.52991977584482, y = 126.3859856402167), with radius = 0.5
INFO:root:Entity Ship (id: 142) at position: (x = 107.52991977584482, y = 126.3859856402167), with radius = 0.5
INFO:root:Entity Ship (id: 142) at position: (x = 107.52991977584482, y = 126.3859856402167), with radius = 0.5
INFO:root:Entity Ship (id: 163) at position: (x = 117.53884966812333, y = 79.79231529075118), with radius = 0.5
INFO:root:Entity Ship (id: 142) at position: (x = 107.52991977584482, y = 126.3859856402167), with radius = 0.5
INFO:root:Entity Ship (id: 163) at position: (x = 117.53884966812333, y = 79.79231529075118), with radius = 0.5
INFO:root:---NEW TURN---
INFO:root:Entity Ship (id: 142) at position: (x = 107.52991977584482, y = 126.3859856402167), with radius = 0.5
INFO:root:Entity Ship (id: 142) at position: (x = 107.52991977584482, y = 126.3859856402167), with radius = 0.5
INFO:root:Entity Ship (id: 142) at position: (x = 107.52991977584482, y = 126.3859856402167), with radius = 0.5
INFO:root:Entity Ship (id: 142) at position: (x = 107.52991977584482, y = 126.3859856402167), with radius = 0.5
INFO:root:Entity Ship (id: 142) at position: (x = 107.52991977584482, y = 126.3859856402167), with radius = 0.5
INFO:root:Entity Ship (id: 182) at position: (x = 111.92197106372515, y = 114.67446880586374), with radius = 0.5
INFO:root:Entity Ship (id: 163) at position: (x = 110.92021963892812, y = 82.07129237195127), with radius = 0.5
INFO:root:Entity Ship (id: 142) at position: (x = 107.52991977584482, y = 126.3859856402167), with radius = 0.5
INFO:root:Entity Ship (id: 163) at position: (x = 110.92021963892812, y = 82.07129237195127), with radius = 0.5
INFO:root:Entity Ship (id: 163) at position: (x = 110.92021963892812, y = 82.07129237195127), with radius = 0.5
INFO:root:---NEW TURN---
INFO:root:---NEW TURN---
INFO:root:---NEW TURN---
INFO:root:---NEW TURN---
INFO:root:---NEW TURN---
INFO:root:---NEW TURN---
INFO:root:Entity Ship (id: 163) at position: (x = 105.31352075478063, y = 96.8056464355851), with radius = 0.5
INFO:root:Entity Ship (id: 163) at position: (x = 105.31352075478063, y = 96.8056464355851), with radius = 0.5
INFO:root:Entity Ship (id: 188) at position: (x = 102.84884365352359, y = 88.20434606140185), with radius = 0.5
INFO:root:Entity Ship (id: 163) at position: (x = 105.31352075478063, y = 96.8056464355851), with radius = 0.5
INFO:root:Entity Ship (id: 163) at position: (x = 105.31352075478063, y = 96.8056464355851), with radius = 0.5
INFO:root:Entity Ship (id: 163) at position: (x = 105.31352075478063, y = 96.8056464355851), with radius = 0.5
INFO:root:Entity Ship (id: 188) at position: (x = 102.84884365352359, y = 88.20434606140185), with radius = 0.5
INFO:root:Entity Ship (id: 163) at position: (x = 105.31352075478063, y = 96.8056464355851), with radius = 0.5
INFO:root:Entity Ship (id: 188) at position: (x = 102.84884365352359, y = 88.20434606140185), with radius = 0.5
INFO:root:Entity Ship (id: 191) at position: (x = 114.97064085867609, y = 57.21776723164458), with radius = 0.5
INFO:root:Entity Ship (id: 191) at position: (x = 114.97064085867609, y = 57.21776723164458), with radius = 0.5
INFO:root:Entity Ship (id: 191) at position: (x = 114.97064085867609, y = 57.21776723164458), with radius = 0.5
INFO:root:---NEW TURN---
INFO:root:Entity Ship (id: 163) at position: (x = 105.31352075478063, y = 96.8056464355851), with radius = 0.5
INFO:root:Entity Ship (id: 163) at position: (x = 105.31352075478063, y = 96.8056464355851), with radius = 0.5
INFO:root:Entity Ship (id: 163) at position: (x = 105.31352075478063, y = 96.8056464355851), with radius = 0.5
INFO:root:Entity Ship (id: 163) at position: (x = 105.31352075478063, y = 96.8056464355851), with radius = 0.5
INFO:root:Entity Ship (id: 163) at position: (x = 105.31352075478063, y = 96.8056464355851), with radius = 0.5
INFO:root:Entity Ship (id: 163) at position: (x = 105.31352075478063, y = 96.8056464355851), with radius = 0.5
INFO:root:Entity Ship (id: 163) at position: (x = 105.31352075478063, y = 96.8056464355851), with radius = 0.5
INFO:root:Entity Ship (id: 163) at position: (x = 105.31352075478063, y = 96.8056464355851), with radius = 0.5
INFO:root:Entity Ship (id: 163) at position: (x = 105.31352075478063, y = 96.8056464355851), with radius = 0.5
INFO:root:Entity Ship (id: 209) at position: (x = 126.97483167770615, y = 38.05112761195962), with radius = 0.5
INFO:root:Entity Ship (id: 175) at position: (x = 117.5831828834575, y = 62.945211727812676), with radius = 0.5
INFO:root:---NEW TURN---
INFO:root:Entity Ship (id: 185) at position: (x = 113.33490812920704, y = 107.37658002754786), with radius = 0.5
INFO:root:Entity Ship (id: 185) at position: (x = 113.33490812920704, y = 107.37658002754786), with radius = 0.5
INFO:root:Entity Ship (id: 192) at position: (x = 115.26841392979648, y = 97.44698844412792), with radius = 0.5
INFO:root:Entity Ship (id: 185) at position: (x = 113.33490812920704, y = 107.37658002754786), with radius = 0.5
INFO:root:Entity Ship (id: 185) at position: (x = 113.33490812920704, y = 107.37658002754786), with radius = 0.5
INFO:root:Entity Ship (id: 185) at position: (x = 113.33490812920704, y = 107.37658002754786), with radius = 0.5
INFO:root:Entity Ship (id: 175) at position: (x = 110.6513064022665, y = 63.91942343453314), with radius = 0.5
INFO:root:Entity Ship (id: 185) at position: (x = 113.33490812920704, y = 107.37658002754786), with radius = 0.5
INFO:root:Entity Ship (id: 175) at position: (x = 110.6513064022665, y = 63.91942343453314), with radius = 0.5
INFO:root:Entity Ship (id: 209) at position: (x = 120.1034413935725, y = 36.71546464432381), with radius = 0.5
INFO:root:Entity Ship (id: 175) at position: (x = 110.6513064022665, y = 63.91942343453314), with radius = 0.5
INFO:root:---NEW TURN---
INFO:root:Entity Ship (id: 202) at position: (x = 112.46206787718366, y = 102.71787522642984), with radius = 0.5
INFO:root:Entity Ship (id: 202) at position: (x = 112.46206787718366, y = 102.71787522642984), with radius = 0.5
INFO:root:Entity Ship (id: 202) at position: (x = 112.46206787718366, y = 102.71787522642984), with radius = 0.5
INFO:root:Entity Ship (id: 202) at position: (x = 112.46206787718366, y = 102.71787522642984), with radius = 0.5
INFO:root:Entity Ship (id: 202) at position: (x = 112.46206787718366, y = 102.71787522642984), with radius = 0.5
INFO:root:Entity Ship (id: 175) at position: (x = 103.66835805044774, y = 64.40771875074202), with radius = 0.5
INFO:root:Entity Ship (id: 202) at position: (x = 112.46206787718366, y = 102.71787522642984), with radius = 0.5
INFO:root:Entity Ship (id: 175) at position: (x = 103.66835805044774, y = 64.40771875074202), with radius = 0.5
INFO:root:Entity Ship (id: 175) at position: (x = 103.66835805044774, y = 64.40771875074202), with radius = 0.5
INFO:root:---NEW TURN---
INFO:root:Entity Ship (id: 202) at position: (x = 111.52237525639774, y = 103.05989536975551), with radius = 0.5
INFO:root:Entity Ship (id: 202) at position: (x = 111.52237525639774, y = 103.05989536975551), with radius = 0.5
INFO:root:Entity Ship (id: 202) at position: (x = 111.52237525639774, y = 103.05989536975551), with radius = 0.5
INFO:root:Entity Ship (id: 202) at position: (x = 111.52237525639774, y = 103.05989536975551), with radius = 0.5
INFO:root:Entity Ship (id: 202) at position: (x = 111.52237525639774, y = 103.05989536975551), with radius = 0.5
INFO:root:Entity Ship (id: 175) at position: (x = 103.91265452736525, y = 71.40345453987568), with radius = 0.5
INFO:root:Entity Ship (id: 202) at position: (x = 111.52237525639774, y = 103.05989536975551), with radius = 0.5
INFO:root:Entity Ship (id: 175) at position: (x = 103.91265452736525, y = 71.40345453987568), with radius = 0.5
INFO:root:Entity Ship (id: 186) at position: (x = 107.45778453218958, y = 64.65176969735822), with radius = 0.5
INFO:root:Entity Ship (id: 204) at position: (x = 112.29413769123757, y = 122.66765942605713), with radius = 0.5
INFO:root:---NEW TURN---
INFO:root:Entity Ship (id: 192) at position: (x = 115.26841392979648, y = 97.44698844412792), with radius = 0.5
INFO:root:Entity Ship (id: 192) at position: (x = 115.26841392979648, y = 97.44698844412792), with radius = 0.5
INFO:root:Entity Ship (id: 192) at position: (x = 115.26841392979648, y = 97.44698844412792), with radius = 0.5
INFO:root:Entity Ship (id: 192) at position: (x = 115.26841392979648, y = 97.44698844412792), with radius = 0.5
INFO:root:Entity Ship (id: 192) at position: (x = 115.26841392979648, y = 97.44698844412792), with radius = 0.5
INFO:root:Entity Ship (id: 186) at position: (x = 101.79466557156495, y = 68.76626646340554), with radius = 0.5
INFO:root:Entity Ship (id: 204) at position: (x = 109.4409681423521, y = 123.59471040918197), with radius = 0.5
INFO:root:Entity Ship (id: 186) at position: (x = 101.79466557156495, y = 68.76626646340554), with radius = 0.5
INFO:root:Entity Ship (id: 186) at position: (x = 101.79466557156495, y = 68.76626646340554), with radius = 0.5
INFO:root:Entity Ship (id: 204) at position: (x = 109.4409681423521, y = 123.59471040918197), with radius = 0.5
INFO:root:Entity Ship (id: 175) at position: (x = 103.91265452736525, y = 71.40345453987568), with radius = 0.5
INFO:root:---NEW TURN---
INFO:root:---NEW TURN---
INFO:root:---NEW TURN---
INFO:root:Entity Ship (id: 204) at position: (x = 111.13053461300878, y = 109.83429575906375), with radius = 0.5
INFO:root:Entity Ship (id: 204) at position: (x = 111.13053461300878, y = 109.83429575906375), with radius = 0.5
INFO:root:Entity Ship (id: 175) at position: (x = 105.60610779656292, y = 78.19552462380766), with radius = 0.5
INFO:root:Entity Ship (id: 204) at position: (x = 111.13053461300878, y = 109.83429575906375), with radius = 0.5
INFO:root:Entity Ship (id: 186) at position: (x = 102.82072600154196, y = 71.58534432576326), with radius = 0.5
INFO:root:Entity Ship (id: 186) at position: (x = 102.82072600154196, y = 71.58534432576326), with radius = 0.5
INFO:root:Entity Ship (id: 204) at position: (x = 111.13053461300878, y = 109.83429575906375), with radius = 0.5
INFO:root:Entity Ship (id: 175) at position: (x = 105.60610779656292, y = 78.19552462380766), with radius = 0.5
INFO:root:Entity Ship (id: 186) at position: (x = 102.82072600154196, y = 71.58534432576326), with radius = 0.5
INFO:root:Entity Ship (id: 204) at position: (x = 111.13053461300878, y = 109.83429575906375), with radius = 0.5
INFO:root:---NEW TURN---
INFO:root:Entity Ship (id: 195) at position: (x = 120.1188930647173, y = 87.51864973697131), with radius = 0.5
INFO:root:Entity Ship (id: 195) at position: (x = 120.1188930647173, y = 87.51864973697131), with radius = 0.5
INFO:root:Entity Ship (id: 186) at position: (x = 102.82072600154196, y = 71.58534432576326), with radius = 0.5
INFO:root:Entity Ship (id: 186) at position: (x = 102.82072600154196, y = 71.58534432576326), with radius = 0.5
INFO:root:Entity Ship (id: 186) at position: (x = 102.82072600154196, y = 71.58534432576326), with radius = 0.5
INFO:root:Entity Ship (id: 175) at position: (x = 107.38812084493965, y = 79.10350562328675), with radius = 0.5
INFO:root:Entity Ship (id: 175) at position: (x = 107.38812084493965, y = 79.10350562328675), with radius = 0.5
INFO:root:Entity Ship (id: 186) at position: (x = 102.82072600154196, y = 71.58534432576326), with radius = 0.5
INFO:root:Entity Ship (id: 195) at position: (x = 120.1188930647173, y = 87.51864973697131), with radius = 0.5
INFO:root:Entity Ship (id: 114) at position: (x = 133.84640166991107, y = 94.95419050649193), with radius = 0.5
INFO:root:---NEW TURN---
INFO:root:Entity Ship (id: 195) at position: (x = 117.88212145083432, y = 90.83480002719149), with radius = 0.5
INFO:root:Entity Ship (id: 195) at position: (x = 117.88212145083432, y = 90.83480002719149), with radius = 0.5
INFO:root:Entity Ship (id: 215) at position: (x = 113.6686457242059, y = 83.29127450703685), with radius = 0.5
INFO:root:Entity Ship (id: 196) at position: (x = 109.80087780801848, y = 63.33687238732867), with radius = 0.5
INFO:root:Entity Ship (id: 196) at position: (x = 109.80087780801848, y = 63.33687238732867), with radius = 0.5
INFO:root:Entity Ship (id: 195) at position: (x = 117.88212145083432, y = 90.83480002719149), with radius = 0.5
INFO:root:Entity Ship (id: 215) at position: (x = 113.6686457242059, y = 83.29127450703685), with radius = 0.5
INFO:root:Entity Ship (id: 215) at position: (x = 113.6686457242059, y = 83.29127450703685), with radius = 0.5
INFO:root:Entity Ship (id: 195) at position: (x = 117.88212145083432, y = 90.83480002719149), with radius = 0.5
INFO:root:Entity Ship (id: 195) at position: (x = 117.88212145083432, y = 90.83480002719149), with radius = 0.5
INFO:root:Entity Ship (id: 196) at position: (x = 109.80087780801848, y = 63.33687238732867), with radius = 0.5
INFO:root:Entity Ship (id: 215) at position: (x = 113.6686457242059, y = 83.29127450703685), with radius = 0.5
INFO:root:Entity Ship (id: 208) at position: (x = 94.97739441341733, y = 21.625046253498027), with radius = 0.5
INFO:root:---NEW TURN---
INFO:root:---NEW TURN---
INFO:root:Entity Ship (id: 195) at position: (x = 117.75995460577333, y = 83.83586616109675), with radius = 0.5
INFO:root:Entity Ship (id: 198) at position: (x = 105.87600684440251, y = 55.340999204736306), with radius = 0.5
INFO:root:Entity Ship (id: 195) at position: (x = 117.75995460577333, y = 83.83586616109675), with radius = 0.5
INFO:root:Entity Ship (id: 198) at position: (x = 105.87600684440251, y = 55.340999204736306), with radius = 0.5
INFO:root:Entity Ship (id: 114) at position: (x = 133.84640166991107, y = 94.95419050649193), with radius = 0.5
INFO:root:Entity Ship (id: 114) at position: (x = 133.84640166991107, y = 94.95419050649193), with radius = 0.5
INFO:root:Entity Ship (id: 198) at position: (x = 105.87600684440251, y = 55.340999204736306), with radius = 0.5
INFO:root:Entity Ship (id: 195) at position: (x = 117.75995460577333, y = 83.83586616109675), with radius = 0.5
INFO:root:Entity Ship (id: 208) at position: (x = 88.53386043925025, y = 18.889928354073113), with radius = 0.5
INFO:root:Entity Ship (id: 216) at position: (x = 105.51527444448594, y = 51.127237834678844), with radius = 0.5
INFO:root:Entity Ship (id: 208) at position: (x = 88.53386043925025, y = 18.889928354073113), with radius = 0.5
INFO:root:---NEW TURN---
INFO:root:Entity Ship (id: 198) at position: (x = 104.06004484544432, y = 51.77697310798283), with radius = 0.5
INFO:root:Entity Ship (id: 195) at position: (x = 112.27868185991773, y = 81.39544630264194), with radius = 0.5
INFO:root:Entity Ship (id: 195) at position: (x = 112.27868185991773, y = 81.39544630264194), with radius = 0.5
INFO:root:Entity Ship (id: 228) at position: (x = 132.86259064174064, y = 100.68886990161587), with radius = 0.5
INFO:root:Entity Ship (id: 228) at position: (x = 132.86259064174064, y = 100.68886990161587), with radius = 0.5
INFO:root:Entity Ship (id: 198) at position: (x = 104.06004484544432, y = 51.77697310798283), with radius = 0.5
INFO:root:Entity Ship (id: 195) at position: (x = 112.27868185991773, y = 81.39544630264194), with radius = 0.5
INFO:root:Entity Ship (id: 208) at position: (x = 88.53386043925025, y = 18.889928354073113), with radius = 0.5
INFO:root:Entity Ship (id: 208) at position: (x = 88.53386043925025, y = 18.889928354073113), with radius = 0.5
INFO:root:---NEW TURN---
INFO:root:Entity Ship (id: 214) at position: (x = 106.84312330391435, y = 54.12479050819661), with radius = 0.5
INFO:root:Entity Ship (id: 195) at position: (x = 105.78839487795021, y = 84.01769245655333), with radius = 0.5
INFO:root:Entity Ship (id: 195) at position: (x = 105.78839487795021, y = 84.01769245655333), with radius = 0.5
INFO:root:Entity Ship (id: 228) at position: (x = 131.86274294658423, y = 100.67141749517859), with radius = 0.5
INFO:root:Entity Ship (id: 228) at position: (x = 131.86274294658423, y = 100.67141749517859), with radius = 0.5
INFO:root:Entity Ship (id: 214) at position: (x = 106.84312330391435, y = 54.12479050819661), with radius = 0.5
INFO:root:Entity Ship (id: 195) at position: (x = 105.78839487795021, y = 84.01769245655333), with radius = 0.5
INFO:root:Entity Ship (id: 208) at position: (x = 88.53386043925025, y = 18.889928354073113), with radius = 0.5
INFO:root:Entity Ship (id: 208) at position: (x = 88.53386043925025, y = 18.889928354073113), with radius = 0.5
INFO:root:---NEW TURN---
INFO:root:---NEW TURN---
INFO:root:---NEW TURN---
INFO:root:---NEW TURN---
INFO:root:Entity Ship (id: 195) at position: (x = 102.61046137977338, y = 90.25473812587191), with radius = 0.5
INFO:root:Entity Ship (id: 234) at position: (x = 104.07785119597108, y = 63.65625379789133), with radius = 0.5
INFO:root:Entity Ship (id: 195) at position: (x = 102.61046137977338, y = 90.25473812587191), with radius = 0.5
INFO:root:Entity Ship (id: 234) at position: (x = 104.07785119597108, y = 63.65625379789133), with radius = 0.5
INFO:root:Entity Ship (id: 208) at position: (x = 88.53386043925025, y = 18.889928354073113), with radius = 0.5
INFO:root:Entity Ship (id: 230) at position: (x = 120.81146783469461, y = 99.98451183735774), with radius = 0.5
INFO:root:Entity Ship (id: 195) at position: (x = 102.61046137977338, y = 90.25473812587191), with radius = 0.5
INFO:root:Entity Ship (id: 195) at position: (x = 102.61046137977338, y = 90.25473812587191), with radius = 0.5
INFO:root:---NEW TURN---
INFO:root:Entity Ship (id: 195) at position: (x = 102.61046137977338, y = 90.25473812587191), with radius = 0.5
INFO:root:Entity Ship (id: 234) at position: (x = 99.39393695145907, y = 68.85826757623309), with radius = 0.5
INFO:root:Entity Ship (id: 195) at position: (x = 102.61046137977338, y = 90.25473812587191), with radius = 0.5
INFO:root:Entity Ship (id: 234) at position: (x = 99.39393695145907, y = 68.85826757623309), with radius = 0.5
INFO:root:Entity Ship (id: 208) at position: (x = 88.53386043925025, y = 18.889928354073113), with radius = 0.5
INFO:root:Entity Ship (id: 195) at position: (x = 102.61046137977338, y = 90.25473812587191), with radius = 0.5
INFO:root:Entity Ship (id: 195) at position: (x = 102.61046137977338, y = 90.25473812587191), with radius = 0.5
INFO:root:Entity Ship (id: 195) at position: (x = 102.61046137977338, y = 90.25473812587191), with radius = 0.5
INFO:root:Entity Ship (id: 195) at position: (x = 102.61046137977338, y = 90.25473812587191), with radius = 0.5
INFO:root:---NEW TURN---
INFO:root:Entity Ship (id: 238) at position: (x = 102.1344289026796, y = 85.6650582207643), with radius = 0.5
INFO:root:Entity Ship (id: 234) at position: (x = 99.39393695145907, y = 68.85826757623309), with radius = 0.5
INFO:root:Entity Ship (id: 238) at position: (x = 102.1344289026796, y = 85.6650582207643), with radius = 0.5
INFO:root:Entity Ship (id: 234) at position: (x = 99.39393695145907, y = 68.85826757623309), with radius = 0.5
INFO:root:Entity Ship (id: 208) at position: (x = 88.53386043925025, y = 18.889928354073113), with radius = 0.5
INFO:root:Entity Ship (id: 238) at position: (x = 102.1344289026796, y = 85.6650582207643), with radius = 0.5
INFO:root:Entity Ship (id: 238) at position: (x = 102.1344289026796, y = 85.6650582207643), with radius = 0.5
INFO:root:Entity Ship (id: 238) at position: (x = 102.1344289026796, y = 85.6650582207643), with radius = 0.5
INFO:root:Entity Ship (id: 238) at position: (x = 102.1344289026796, y = 85.6650582207643), with radius = 0.5
INFO:root:---NEW TURN---
INFO:root:Entity Ship (id: 238) at position: (x = 101.46529829632074, y = 86.4082030462417), with radius = 0.5
INFO:root:Entity Ship (id: 234) at position: (x = 99.39393695145907, y = 68.85826757623309), with radius = 0.5
INFO:root:Entity Ship (id: 234) at position: (x = 99.39393695145907, y = 68.85826757623309), with radius = 0.5
INFO:root:Entity Ship (id: 208) at position: (x = 88.53386043925025, y = 18.889928354073113), with radius = 0.5
INFO:root:Entity Ship (id: 238) at position: (x = 101.46529829632074, y = 86.4082030462417), with radius = 0.5
INFO:root:Entity Ship (id: 239) at position: (x = 100.88427161824964, y = 85.3391109220362), with radius = 0.5
INFO:root:Entity Ship (id: 238) at position: (x = 101.46529829632074, y = 86.4082030462417), with radius = 0.5
INFO:root:Entity Ship (id: 232) at position: (x = 139.4312193242634, y = 104.64927438315961), with radius = 0.5
INFO:root:---NEW TURN---
INFO:root:---NEW TURN---
INFO:root:Entity Ship (id: 221) at position: (x = 103.2531122701148, y = 59.0998228330512), with radius = 0.5
INFO:root:Entity Ship (id: 233) at position: (x = 85.80045888280628, y = 40.1419024946735), with radius = 0.5
INFO:root:Entity Ship (id: 238) at position: (x = 100.00991646059641, y = 79.56116984110506), with radius = 0.5
INFO:root:Entity Ship (id: 239) at position: (x = 99.54860865061382, y = 78.46772063790254), with radius = 0.5
INFO:root:Entity Ship (id: 238) at position: (x = 100.00991646059641, y = 79.56116984110506), with radius = 0.5
INFO:root:Entity Ship (id: 232) at position: (x = 134.65556660392704, y = 101.54792924409882), with radius = 0.5
INFO:root:Entity Ship (id: 233) at position: (x = 85.80045888280628, y = 40.1419024946735), with radius = 0.5
INFO:root:Entity Ship (id: 238) at position: (x = 100.00991646059641, y = 79.56116984110506), with radius = 0.5
INFO:root:Entity Ship (id: 233) at position: (x = 85.80045888280628, y = 40.1419024946735), with radius = 0.5
INFO:root:---NEW TURN---
INFO:root:Entity Ship (id: 233) at position: (x = 85.80045888280628, y = 40.1419024946735), with radius = 0.5
INFO:root:Entity Ship (id: 238) at position: (x = 100.00991646059641, y = 79.56116984110506), with radius = 0.5
INFO:root:Entity Ship (id: 238) at position: (x = 100.00991646059641, y = 79.56116984110506), with radius = 0.5
INFO:root:Entity Ship (id: 238) at position: (x = 100.00991646059641, y = 79.56116984110506), with radius = 0.5
INFO:root:Entity Ship (id: 232) at position: (x = 129.53609069259286, y = 106.32191776453631), with radius = 0.5
INFO:root:Entity Ship (id: 233) at position: (x = 85.80045888280628, y = 40.1419024946735), with radius = 0.5
INFO:root:Entity Ship (id: 238) at position: (x = 100.00991646059641, y = 79.56116984110506), with radius = 0.5
INFO:root:Entity Ship (id: 233) at position: (x = 85.80045888280628, y = 40.1419024946735), with radius = 0.5
INFO:root:Entity Ship (id: 233) at position: (x = 85.80045888280628, y = 40.1419024946735), with radius = 0.5
INFO:root:---NEW TURN---
INFO:root:Entity Ship (id: 233) at position: (x = 85.80045888280628, y = 40.1419024946735), with radius = 0.5
INFO:root:Entity Ship (id: 239) at position: (x = 95.80855344835699, y = 78.36978384571182), with radius = 0.5
INFO:root:Entity Ship (id: 239) at position: (x = 95.80855344835699, y = 78.36978384571182), with radius = 0.5
INFO:root:Entity Ship (id: 242) at position: (x = 98.57858472995368, y = 78.94549326176747), with radius = 0.5
INFO:root:Entity Ship (id: 233) at position: (x = 85.80045888280628, y = 40.1419024946735), with radius = 0.5
INFO:root:Entity Ship (id: 239) at position: (x = 95.80855344835699, y = 78.36978384571182), with radius = 0.5
INFO:root:Entity Ship (id: 233) at position: (x = 85.80045888280628, y = 40.1419024946735), with radius = 0.5
INFO:root:Entity Ship (id: 233) at position: (x = 85.80045888280628, y = 40.1419024946735), with radius = 0.5
INFO:root:---NEW TURN---
INFO:root:Entity Ship (id: 233) at position: (x = 85.80045888280628, y = 40.1419024946735), with radius = 0.5
INFO:root:Entity Ship (id: 239) at position: (x = 97.56278367669341, y = 84.10761238149004), with radius = 0.5
INFO:root:Entity Ship (id: 239) at position: (x = 97.56278367669341, y = 84.10761238149004), with radius = 0.5
INFO:root:Entity Ship (id: 233) at position: (x = 85.80045888280628, y = 40.1419024946735), with radius = 0.5
INFO:root:Entity Ship (id: 239) at position: (x = 97.56278367669341, y = 84.10761238149004), with radius = 0.5
INFO:root:Entity Ship (id: 233) at position: (x = 85.80045888280628, y = 40.1419024946735), with radius = 0.5
INFO:root:Entity Ship (id: 233) at position: (x = 85.80045888280628, y = 40.1419024946735), with radius = 0.5
INFO:root:---NEW TURN---
INFO:root:---NEW TURN---
INFO:root:Entity Ship (id: 241) at position: (x = 90.90542024794604, y = 35.16146919589235), with radius = 0.5
INFO:root:Entity Ship (id: 239) at position: (x = 96.83108443381984, y = 77.14595911391213), with radius = 0.5
INFO:root:Entity Ship (id: 239) at position: (x = 96.83108443381984, y = 77.14595911391213), with radius = 0.5
INFO:root:Entity Ship (id: 241) at position: (x = 90.90542024794604, y = 35.16146919589235), with radius = 0.5
INFO:root:Entity Ship (id: 239) at position: (x = 96.83108443381984, y = 77.14595911391213), with radius = 0.5
INFO:root:Entity Ship (id: 241) at position: (x = 90.90542024794604, y = 35.16146919589235), with radius = 0.5
INFO:root:Entity Ship (id: 241) at position: (x = 90.90542024794604, y = 35.16146919589235), with radius = 0.5
INFO:root:Entity Ship (id: 257) at position: (x = 121.65403326675023, y = 117.61070267344722), with radius = 0.5
INFO:root:Entity Ship (id: 239) at position: (x = 96.83108443381984, y = 77.14595911391213), with radius = 0.5
INFO:root:---NEW TURN---
INFO:root:Entity Ship (id: 241) at position: (x = 90.90542024794604, y = 35.16146919589235), with radius = 0.5
INFO:root:Entity Ship (id: 247) at position: (x = 101.15858170943994, y = 63.70580499192231), with radius = 0.5
INFO:root:Entity Ship (id: 264) at position: (x = 110.353143192111, y = 80.74924969749368), with radius = 0.5
INFO:root:Entity Ship (id: 241) at position: (x = 90.90542024794604, y = 35.16146919589235), with radius = 0.5
INFO:root:Entity Ship (id: 264) at position: (x = 110.353143192111, y = 80.74924969749368), with radius = 0.5
INFO:root:Entity Ship (id: 241) at position: (x = 90.90542024794604, y = 35.16146919589235), with radius = 0.5
INFO:root:Entity Ship (id: 241) at position: (x = 90.90542024794604, y = 35.16146919589235), with radius = 0.5
INFO:root:Entity Ship (id: 257) at position: (x = 121.65403326675023, y = 117.61070267344722), with radius = 0.5
INFO:root:Entity Ship (id: 257) at position: (x = 121.65403326675023, y = 117.61070267344722), with radius = 0.5
INFO:root:Entity Ship (id: 264) at position: (x = 110.353143192111, y = 80.74924969749368), with radius = 0.5
INFO:root:---NEW TURN---
INFO:root:Entity Ship (id: 265) at position: (x = 90.55453183160681, y = 32.3114239048863), with radius = 0.5
INFO:root:Entity Ship (id: 264) at position: (x = 103.77529484660965, y = 78.355108694214), with radius = 0.5
INFO:root:Entity Ship (id: 235) at position: (x = 93.15801203970503, y = 35.20916942159794), with radius = 0.5
INFO:root:Entity Ship (id: 264) at position: (x = 103.77529484660965, y = 78.355108694214), with radius = 0.5
INFO:root:Entity Ship (id: 265) at position: (x = 90.55453183160681, y = 32.3114239048863), with radius = 0.5
INFO:root:Entity Ship (id: 265) at position: (x = 90.55453183160681, y = 32.3114239048863), with radius = 0.5
INFO:root:Entity Ship (id: 257) at position: (x = 121.65403326675023, y = 117.61070267344722), with radius = 0.5
INFO:root:Entity Ship (id: 264) at position: (x = 103.77529484660965, y = 78.355108694214), with radius = 0.5
INFO:root:Entity Ship (id: 264) at position: (x = 103.77529484660965, y = 78.355108694214), with radius = 0.5
INFO:root:---NEW TURN---
INFO:root:Entity Ship (id: 264) at position: (x = 99.1828816436761, y = 83.6380757557734), with radius = 0.5
INFO:root:Entity Ship (id: 235) at position: (x = 91.27862679813322, y = 35.89320970824928), with radius = 0.5
INFO:root:Entity Ship (id: 264) at position: (x = 99.1828816436761, y = 83.6380757557734), with radius = 0.5
INFO:root:Entity Ship (id: 265) at position: (x = 89.46525376157676, y = 33.988765040777146), with radius = 0.5
INFO:root:Entity Ship (id: 265) at position: (x = 89.46525376157676, y = 33.988765040777146), with radius = 0.5
INFO:root:Entity Ship (id: 264) at position: (x = 99.1828816436761, y = 83.6380757557734), with radius = 0.5
INFO:root:Entity Ship (id: 264) at position: (x = 99.1828816436761, y = 83.6380757557734), with radius = 0.5
INFO:root:Entity Ship (id: 247) at position: (x = 94.38778063214987, y = 75.92065347679683), with radius = 0.5
INFO:root:Entity Ship (id: 264) at position: (x = 99.1828816436761, y = 83.6380757557734), with radius = 0.5
INFO:root:---NEW TURN---
INFO:root:Entity Ship (id: 247) at position: (x = 93.76060985254394, y = 81.88778484900647), with radius = 0.5
INFO:root:Entity Ship (id: 261) at position: (x = 90.3353581208762, y = 34.645575731130975), with radius = 0.5
INFO:root:Entity Ship (id: 247) at position: (x = 93.76060985254394, y = 81.88778484900647), with radius = 0.5
INFO:root:Entity Ship (id: 265) at position: (x = 89.46525376157676, y = 33.988765040777146), with radius = 0.5
INFO:root:Entity Ship (id: 265) at position: (x = 89.46525376157676, y = 33.988765040777146), with radius = 0.5
INFO:root:Entity Ship (id: 247) at position: (x = 93.76060985254394, y = 81.88778484900647), with radius = 0.5
INFO:root:Entity Ship (id: 247) at position: (x = 93.76060985254394, y = 81.88778484900647), with radius = 0.5
INFO:root:Entity Ship (id: 247) at position: (x = 93.76060985254394, y = 81.88778484900647), with radius = 0.5
INFO:root:Entity Ship (id: 201) at position: (x = 118.73479771583239, y = 90.67759606063896), with radius = 0.5
INFO:root:---NEW TURN---
INFO:root:Entity Ship (id: 247) at position: (x = 93.76060985254394, y = 81.88778484900647), with radius = 0.5
INFO:root:Entity Ship (id: 271) at position: (x = 104.33990934848944, y = 82.99686322101365), with radius = 0.5
INFO:root:Entity Ship (id: 261) at position: (x = 90.3353581208762, y = 34.645575731130975), with radius = 0.5
INFO:root:Entity Ship (id: 261) at position: (x = 90.3353581208762, y = 34.645575731130975), with radius = 0.5
INFO:root:Entity Ship (id: 247) at position: (x = 93.76060985254394, y = 81.88778484900647), with radius = 0.5
INFO:root:Entity Ship (id: 247) at position: (x = 93.76060985254394, y = 81.88778484900647), with radius = 0.5
INFO:root:Entity Ship (id: 247) at position: (x = 93.76060985254394, y = 81.88778484900647), with radius = 0.5
INFO:root:Entity Ship (id: 251) at position: (x = 129.57369974882408, y = 107.08760067535354), with radius = 0.5
INFO:root:Entity Ship (id: 251) at position: (x = 129.57369974882408, y = 107.08760067535354), with radius = 0.5
INFO:root:---NEW TURN---
INFO:root:Entity Ship (id: 271) at position: (x = 102.54232125589111, y = 83.8736055145918), with radius = 0.5
INFO:root:Entity Ship (id: 271) at position: (x = 102.54232125589111, y = 83.8736055145918), with radius = 0.5
INFO:root:Entity Ship (id: 261) at position: (x = 90.3353581208762, y = 34.645575731130975), with radius = 0.5
INFO:root:Entity Ship (id: 271) at position: (x = 102.54232125589111, y = 83.8736055145918), with radius = 0.5
INFO:root:Entity Ship (id: 271) at position: (x = 102.54232125589111, y = 83.8736055145918), with radius = 0.5
INFO:root:Entity Ship (id: 270) at position: (x = 102.10487871923544, y = 81.5654221181383), with radius = 0.5
INFO:root:Entity Ship (id: 251) at position: (x = 124.37168597048232, y = 111.77151491986555), with radius = 0.5
INFO:root:Entity Ship (id: 251) at position: (x = 124.37168597048232, y = 111.77151491986555), with radius = 0.5
INFO:root:Entity Ship (id: 270) at position: (x = 102.10487871923544, y = 81.5654221181383), with radius = 0.5
INFO:root:Entity Ship (id: 271) at position: (x = 102.54232125589111, y = 83.8736055145918), with radius = 0.5
INFO:root:Entity Ship (id: 261) at position: (x = 90.3353581208762, y = 34.645575731130975), with radius = 0.5
INFO:root:---NEW TURN---
INFO:root:Entity Ship (id: 270) at position: (x = 102.10487871923544, y = 81.5654221181383), with radius = 0.5
INFO:root:Entity Ship (id: 271) at position: (x = 103.44862904292776, y = 83.4509872528511), with radius = 0.5
INFO:root:Entity Ship (id: 271) at position: (x = 103.44862904292776, y = 83.4509872528511), with radius = 0.5
INFO:root:Entity Ship (id: 270) at position: (x = 102.10487871923544, y = 81.5654221181383), with radius = 0.5
INFO:root:Entity Ship (id: 254) at position: (x = 129.04175226061753, y = 111.61515289049812), with radius = 0.5
INFO:root:Entity Ship (id: 270) at position: (x = 102.10487871923544, y = 81.5654221181383), with radius = 0.5
INFO:root:Entity Ship (id: 271) at position: (x = 103.44862904292776, y = 83.4509872528511), with radius = 0.5
INFO:root:Entity Ship (id: 261) at position: (x = 90.3353581208762, y = 34.645575731130975), with radius = 0.5
INFO:root:---NEW TURN---
INFO:root:Entity Ship (id: 270) at position: (x = 101.36173389375806, y = 82.23455272449716), with radius = 0.5
INFO:root:Entity Ship (id: 270) at position: (x = 101.36173389375806, y = 82.23455272449716), with radius = 0.5
INFO:root:Entity Ship (id: 270) at position: (x = 101.36173389375806, y = 82.23455272449716), with radius = 0.5
INFO:root:Entity Ship (id: 254) at position: (x = 122.10987577942653, y = 112.58936459721858), with radius = 0.5
INFO:root:Entity Ship (id: 270) at position: (x = 101.36173389375806, y = 82.23455272449716), with radius = 0.5
INFO:root:Entity Ship (id: 270) at position: (x = 101.36173389375806, y = 82.23455272449716), with radius = 0.5
INFO:root:Entity Ship (id: 261) at position: (x = 83.36199523423397, y = 34.03548553189737), with radius = 0.5
INFO:root:Entity Ship (id: 261) at position: (x = 83.36199523423397, y = 34.03548553189737), with radius = 0.5
INFO:root:---NEW TURN---
INFO:root:Entity Ship (id: 270) at position: (x = 101.36173389375806, y = 82.23455272449716), with radius = 0.5
INFO:root:Entity Ship (id: 270) at position: (x = 101.36173389375806, y = 82.23455272449716), with radius = 0.5
INFO:root:Entity Ship (id: 254) at position: (x = 122.10987577942653, y = 112.58936459721858), with radius = 0.5
INFO:root:Entity Ship (id: 279) at position: (x = 101.26408971856864, y = 81.10981613752035), with radius = 0.5
INFO:root:Entity Ship (id: 270) at position: (x = 101.36173389375806, y = 82.23455272449716), with radius = 0.5
INFO:root:Entity Ship (id: 261) at position: (x = 76.38863234759175, y = 33.42539533266377), with radius = 0.5
INFO:root:Entity Ship (id: 261) at position: (x = 76.38863234759175, y = 33.42539533266377), with radius = 0.5
INFO:root:---NEW TURN---
INFO:root:Entity Ship (id: 279) at position: (x = 94.5699564268274, y = 83.1564180705795), with radius = 0.5
INFO:root:Entity Ship (id: 279) at position: (x = 94.5699564268274, y = 83.1564180705795), with radius = 0.5
INFO:root:Entity Ship (id: 279) at position: (x = 94.5699564268274, y = 83.1564180705795), with radius = 0.5
INFO:root:Entity Ship (id: 261) at position: (x = 69.38863234759175, y = 33.42539533266377), with radius = 0.5
INFO:root:Entity Ship (id: 261) at position: (x = 69.38863234759175, y = 33.42539533266377), with radius = 0.5
INFO:root:---NEW TURN---
INFO:root:Entity Ship (id: 279) at position: (x = 87.67630215574194, y = 84.37195531424803), with radius = 0.5
INFO:root:Entity Ship (id: 279) at position: (x = 87.67630215574194, y = 84.37195531424803), with radius = 0.5
INFO:root:Entity Ship (id: 279) at position: (x = 87.67630215574194, y = 84.37195531424803), with radius = 0.5
INFO:root:Entity Ship (id: 235) at position: (x = 67.01583249905013, y = 31.337742280147225), with radius = 0.5
INFO:root:Entity Ship (id: 254) at position: (x = 116.4467568188019, y = 116.70386136326589), with radius = 0.5
INFO:root:---NEW TURN---
INFO:root:Entity Ship (id: 267) at position: (x = 85.04592244322606, y = 80.19937836757394), with radius = 0.5
INFO:root:Entity Ship (id: 267) at position: (x = 85.04592244322606, y = 80.19937836757394), with radius = 0.5
INFO:root:Entity Ship (id: 272) at position: (x = 66.20865154796113, y = 38.88778130989127), with radius = 0.5
INFO:root:Entity Ship (id: 254) at position: (x = 115.35747874877184, y = 118.38120249915674), with radius = 0.5
INFO:root:Entity Ship (id: 267) at position: (x = 85.04592244322606, y = 80.19937836757394), with radius = 0.5
INFO:root:---NEW TURN---
INFO:root:Entity Ship (id: 267) at position: (x = 85.35493943760102, y = 79.24832185127879), with radius = 0.5
INFO:root:Entity Ship (id: 267) at position: (x = 85.35493943760102, y = 79.24832185127879), with radius = 0.5
INFO:root:Entity Ship (id: 267) at position: (x = 85.35493943760102, y = 79.24832185127879), with radius = 0.5
INFO:root:Entity Ship (id: 267) at position: (x = 85.35493943760102, y = 79.24832185127879), with radius = 0.5
INFO:root:---NEW TURN---
INFO:root:Entity Ship (id: 267) at position: (x = 85.35493943760102, y = 79.24832185127879), with radius = 0.5
INFO:root:Entity Ship (id: 244) at position: (x = 84.03174331444949, y = 78.84957242697733), with radius = 0.5
INFO:root:Entity Ship (id: 267) at position: (x = 85.35493943760102, y = 79.24832185127879), with radius = 0.5
INFO:root:---NEW TURN---
INFO:root:---NEW TURN---
INFO:root:Entity Ship (id: 276) at position: (x = 91.78109348051171, y = 86.64971670677635), with radius = 0.5
INFO:root:Entity Ship (id: 291) at position: (x = 83.77837716510062, y = 83.67711869415143), with radius = 0.5
INFO:root:Entity Ship (id: 291) at position: (x = 83.77837716510062, y = 83.67711869415143), with radius = 0.5
INFO:root:Entity Ship (id: 285) at position: (x = 107.50461219324636, y = 123.36611461709806), with radius = 0.5
INFO:root:---NEW TURN---
INFO:root:---NEW TURN---
INFO:root:---NEW TURN---
INFO:root:---NEW TURN---
INFO:root:Entity Ship (id: 285) at position: (x = 107.50461219324636, y = 123.36611461709806), with radius = 0.5
INFO:root:Entity Ship (id: 291) at position: (x = 73.90830198484834, y = 71.07277763094201), with radius = 0.5
INFO:root:Entity Ship (id: 281) at position: (x = 109.7922820111958, y = 99.45051262156872), with radius = 0.5
INFO:root:Entity Ship (id: 262) at position: (x = 58.44321478816296, y = 34.05656633541512), with radius = 0.5
INFO:root:Entity Ship (id: 291) at position: (x = 73.90830198484834, y = 71.07277763094201), with radius = 0.5
INFO:root:Entity Ship (id: 227) at position: (x = 47.18192258482411, y = 29.9128062286561), with radius = 0.5
INFO:root:---NEW TURN---
INFO:root:Entity Ship (id: 281) at position: (x = 103.61164886118331, y = 102.73681356106995), with radius = 0.5
INFO:root:Entity Ship (id: 291) at position: (x = 67.0612687797117, y = 72.52815946666632), with radius = 0.5
INFO:root:Entity Ship (id: 281) at position: (x = 103.61164886118331, y = 102.73681356106995), with radius = 0.5
INFO:root:Entity Ship (id: 262) at position: (x = 55.0495474464386, y = 40.17890428539089), with radius = 0.5
INFO:root:Entity Ship (id: 291) at position: (x = 67.0612687797117, y = 72.52815946666632), with radius = 0.5
INFO:root:Entity Ship (id: 295) at position: (x = 46.90785590415307, y = 33.031523995961685), with radius = 0.5
INFO:root:---NEW TURN---
INFO:root:Entity Ship (id: 281) at position: (x = 101.86240944690452, y = 103.70643280156263), with radius = 0.5
INFO:root:Entity Ship (id: 291) at position: (x = 60.18987849557805, y = 73.86382243430214), with radius = 0.5
INFO:root:Entity Ship (id: 281) at position: (x = 101.86240944690452, y = 103.70643280156263), with radius = 0.5
INFO:root:Entity Ship (id: 262) at position: (x = 51.65588010471424, y = 46.30124223536666), with radius = 0.5
INFO:root:Entity Ship (id: 291) at position: (x = 60.18987849557805, y = 73.86382243430214), with radius = 0.5
INFO:root:Entity Ship (id: 295) at position: (x = 41.54554480232022, y = 37.53103726376746), with radius = 0.5
INFO:root:---NEW TURN---
INFO:root:Entity Ship (id: 281) at position: (x = 102.72843485068896, y = 103.20643280156263), with radius = 0.5
INFO:root:Entity Ship (id: 281) at position: (x = 102.72843485068896, y = 103.20643280156263), with radius = 0.5
INFO:root:Entity Ship (id: 262) at position: (x = 51.65588010471424, y = 46.30124223536666), with radius = 0.5
INFO:root:Entity Ship (id: 294) at position: (x = 61.90311543803818, y = 74.85885086668148), with radius = 0.5
INFO:root:Entity Ship (id: 295) at position: (x = 42.288689627797616, y = 36.8619066574086), with radius = 0.5
INFO:root:---NEW TURN---
INFO:root:Entity Ship (id: 300) at position: (x = 100.29120622201738, y = 101.07951442357356), with radius = 0.5
INFO:root:Entity Ship (id: 294) at position: (x = 59.167997538613264, y = 81.30238484084856), with radius = 0.5
INFO:root:Entity Ship (id: 295) at position: (x = 42.288689627797616, y = 36.8619066574086), with radius = 0.5
INFO:root:Entity Ship (id: 294) at position: (x = 59.167997538613264, y = 81.30238484084856), with radius = 0.5
INFO:root:---NEW TURN---
INFO:root:Entity Ship (id: 294) at position: (x = 57.94778760938586, y = 84.04302121377637), with radius = 0.5
INFO:root:Entity Ship (id: 294) at position: (x = 57.94778760938586, y = 84.04302121377637), with radius = 0.5
INFO:root:Entity Ship (id: 300) at position: (x = 99.73993151038339, y = 103.0020378154502), with radius = 0.5
INFO:root:---NEW TURN---
INFO:root:Entity Ship (id: 291) at position: (x = 55.61806454265672, y = 82.67936562676226), with radius = 0.5
INFO:root:Entity Ship (id: 300) at position: (x = 93.55929836037089, y = 99.71573687594895), with radius = 0.5
INFO:root:---NEW TURN---
INFO:root:Entity Ship (id: 291) at position: (x = 50.49858863132253, y = 77.90537710632478), with radius = 0.5
INFO:root:Entity Ship (id: 291) at position: (x = 50.49858863132253, y = 77.90537710632478), with radius = 0.5
INFO:root:Entity Ship (id: 285) at position: (x = 107.50461219324636, y = 123.36611461709806), with radius = 0.5
INFO:root:---NEW TURN---
INFO:root:---NEW TURN---
INFO:root:Entity Ship (id: 294) at position: (x = 46.54173359077035, y = 73.98819423485799), with radius = 0.5
INFO:root:Entity Ship (id: 291) at position: (x = 45.29657485298077, y = 73.22146286181277), with radius = 0.5
INFO:root:Entity Ship (id: 327) at position: (x = 98.38721105507977, y = 116.1515163924693), with radius = 0.5
INFO:root:---NEW TURN---
INFO:root:Entity Ship (id: 294) at position: (x = 46.54173359077035, y = 73.98819423485799), with radius = 0.5
INFO:root:Entity Ship (id: 291) at position: (x = 45.29657485298077, y = 73.22146286181277), with radius = 0.5
INFO:root:Entity Ship (id: 327) at position: (x = 97.9964799265905, y = 117.07202124592175), with radius = 0.5
INFO:root:Entity Ship (id: 315) at position: (x = 73.44600835310129, y = 88.60446473720404), with radius = 0.5
INFO:root:Entity Ship (id: 262) at position: (x = 26.8948507064525, y = 57.139684284054184), with radius = 0.5
INFO:root:---NEW TURN---
INFO:root:Entity Ship (id: 294) at position: (x = 46.54173359077035, y = 73.98819423485799), with radius = 0.5
INFO:root:Entity Ship (id: 294) at position: (x = 46.54173359077035, y = 73.98819423485799), with radius = 0.5
INFO:root:Entity Ship (id: 315) at position: (x = 66.49818529161205, y = 89.45755014104007), with radius = 0.5
INFO:root:Entity Ship (id: 277) at position: (x = 30.17931113281486, y = 64.48626117028995), with radius = 0.5
INFO:root:---NEW TURN---
INFO:root:Entity Ship (id: 291) at position: (x = 45.29657485298077, y = 73.22146286181277), with radius = 0.5
INFO:root:Entity Ship (id: 291) at position: (x = 45.29657485298077, y = 73.22146286181277), with radius = 0.5
INFO:root:Entity Ship (id: 315) at position: (x = 62.68571204650685, y = 95.32824411665804), with radius = 0.5
INFO:root:---NEW TURN---
INFO:root:---NEW TURN---
INFO:root:---NEW TURN---
INFO:root:---NEW TURN---
INFO:root:Entity Ship (id: 315) at position: (x = 48.730098178894984, y = 86.96022312593749), with radius = 0.5
INFO:root:Entity Ship (id: 316) at position: (x = 71.85666549805562, y = 111.34164980395727), with radius = 0.5
INFO:root:---NEW TURN---
INFO:root:Entity Ship (id: 315) at position: (x = 48.31257887601478, y = 89.93102733216219), with radius = 0.5
INFO:root:Entity Ship (id: 316) at position: (x = 69.16028335915813, y = 110.02653636359004), with radius = 0.5
INFO:root:Entity Ship (id: 345) at position: (x = 87.43046905855591, y = 100.47511748044558), with radius = 0.5
INFO:root:---NEW TURN---
INFO:root:---NEW TURN---
INFO:root:Entity Ship (id: 316) at position: (x = 69.16028335915813, y = 110.02653636359004), with radius = 0.5
INFO:root:Entity Ship (id: 323) at position: (x = 34.88681896694592, y = 80.92994396823009), with radius = 0.5
INFO:root:Entity Ship (id: 344) at position: (x = 95.58198513449662, y = 118.84062855523797), with radius = 0.5
INFO:root:---NEW TURN---
INFO:root:Entity Ship (id: 316) at position: (x = 69.16028335915813, y = 110.02653636359004), with radius = 0.5
INFO:root:Entity Ship (id: 323) at position: (x = 28.2681889377507, y = 83.20892104943019), with radius = 0.5
INFO:root:---NEW TURN---
INFO:root:Entity Ship (id: 316) at position: (x = 69.16028335915813, y = 110.02653636359004), with radius = 0.5
INFO:root:---NEW TURN---
INFO:root:Entity Ship (id: 315) at position: (x = 62.66533971080122, y = 108.97581958266815), with radius = 0.5
INFO:root:Entity Ship (id: 315) at position: (x = 62.66533971080122, y = 108.97581958266815), with radius = 0.5
INFO:root:---NEW TURN---
INFO:root:Entity Ship (id: 330) at position: (x = 61.50819263919902, y = 108.47062057917817), with radius = 0.5
INFO:root:---NEW TURN---
INFO:root:Entity Ship (id: 303) at position: (x = 56.32073683570872, y = 112.54829991260333), with radius = 0.5
INFO:root:---NEW TURN---
INFO:root:Entity Ship (id: 303) at position: (x = 55.7760978006937, y = 113.38697048054875), with radius = 0.5
INFO:root:---NEW TURN---
INFO:root:---NEW TURN---
INFO:root:---NEW TURN---
INFO:root:---NEW TURN---
INFO:root:---NEW TURN---
INFO:root:Entity Ship (id: 325) at position: (x = 46.28057801195566, y = 114.33772274804996), with radius = 0.5
INFO:root:---NEW TURN---
INFO:root:---NEW TURN---
INFO:root:---NEW TURN---
INFO:root:---NEW TURN---
INFO:root:---NEW TURN---
