INFO:root:Initialized bot LongBot
INFO:root:---NEW TURN---
INFO:root:Starting LongBot
INFO:root:---NEW TURN---
INFO:root:---NEW TURN---
INFO:root:Entity Ship (id: 3) at position: (x = 180.0, y = 40.0), with radius = 0.5
INFO:root:Entity Planet (id: 20) at position: (x = 185.80147936977957, y = 75.81483302797976), with radius = 6.257572184022564
INFO:root:couldn't access it
INFO:root:t 3 7 81
INFO:root:Entity Ship (id: 4) at position: (x = 180.0, y = 37.0), with radius = 0.5
INFO:root:Entity Planet (id: 22) at position: (x = 228.48510409131933, y = 52.286303403577634), with radius = 4.4553096008268485
INFO:root:couldn't access it
INFO:root:t 4 7 27
INFO:root:Entity Ship (id: 5) at position: (x = 180.0, y = 43.0), with radius = 0.5
INFO:root:Entity Planet (id: 7) at position: (x = 163.84022621028015, y = 92.61645334632854), with radius = 7.810265615156868
INFO:root:couldn't access it
INFO:root:t 5 7 108
INFO:root:---NEW TURN---
INFO:root:Entity Ship (id: 3) at position: (x = 181.09504125528161, y = 46.913818384165964), with radius = 0.5
INFO:root:Entity Planet (id: 20) at position: (x = 185.80147936977957, y = 75.81483302797976), with radius = 6.257572184022564
INFO:root:couldn't access it
INFO:root:t 3 7 81
INFO:root:Entity Ship (id: 4) at position: (x = 186.23704566931858, y = 40.17793349817683), with radius = 0.5
INFO:root:Entity Planet (id: 22) at position: (x = 228.48510409131933, y = 52.286303403577634), with radius = 4.4553096008268485
INFO:root:couldn't access it
INFO:root:t 4 7 28
INFO:root:Entity Ship (id: 5) at position: (x = 177.83688103937536, y = 49.657395614066075), with radius = 0.5
INFO:root:Entity Planet (id: 7) at position: (x = 163.84022621028015, y = 92.61645334632854), with radius = 7.810265615156868
INFO:root:couldn't access it
INFO:root:t 5 7 108
INFO:root:---NEW TURN---
INFO:root:Entity Ship (id: 3) at position: (x = 182.19008251056323, y = 53.82763676833193), with radius = 0.5
INFO:root:Entity Planet (id: 20) at position: (x = 185.80147936977957, y = 75.81483302797976), with radius = 6.257572184022564
INFO:root:couldn't access it
INFO:root:t 3 7 81
INFO:root:Entity Ship (id: 4) at position: (x = 192.41767881933106, y = 43.464234437678066), with radius = 0.5
INFO:root:Entity Planet (id: 22) at position: (x = 228.48510409131933, y = 52.286303403577634), with radius = 4.4553096008268485
INFO:root:couldn't access it
INFO:root:t 4 7 28
INFO:root:Entity Ship (id: 5) at position: (x = 175.6737620787507, y = 56.31479122813215), with radius = 0.5
INFO:root:Entity Planet (id: 7) at position: (x = 163.84022621028015, y = 92.61645334632854), with radius = 7.810265615156868
INFO:root:couldn't access it
INFO:root:t 5 7 108
INFO:root:---NEW TURN---
INFO:root:Entity Ship (id: 3) at position: (x = 183.28512376584484, y = 60.74145515249789), with radius = 0.5
INFO:root:Entity Planet (id: 20) at position: (x = 185.80147936977957, y = 75.81483302797976), with radius = 6.257572184022564
INFO:root:couldn't access it
INFO:root:t 3 6 81
INFO:root:Entity Ship (id: 4) at position: (x = 198.59831196934354, y = 46.750535377179304), with radius = 0.5
INFO:root:Entity Planet (id: 22) at position: (x = 228.48510409131933, y = 52.286303403577634), with radius = 4.4553096008268485
INFO:root:couldn't access it
INFO:root:t 4 7 26
INFO:root:Entity Ship (id: 5) at position: (x = 173.51064311812607, y = 62.97218684219823), with radius = 0.5
INFO:root:Entity Planet (id: 7) at position: (x = 163.84022621028015, y = 92.61645334632854), with radius = 7.810265615156868
INFO:root:couldn't access it
INFO:root:t 5 7 108
INFO:root:---NEW TURN---
INFO:root:Entity Ship (id: 3) at position: (x = 184.22373055608622, y = 66.66758519606871), with radius = 0.5
INFO:root:Entity Planet (id: 20) at position: (x = 185.80147936977957, y = 75.81483302797976), with radius = 6.257572184022564
INFO:root:couldn't access it
INFO:root:Entity Ship (id: 4) at position: (x = 204.8898702934377, y = 49.819133404702846), with radius = 0.5
INFO:root:Entity Planet (id: 22) at position: (x = 228.48510409131933, y = 52.286303403577634), with radius = 4.4553096008268485
INFO:root:couldn't access it
INFO:root:t 4 7 6
INFO:root:Entity Ship (id: 5) at position: (x = 171.34752415750143, y = 69.6295824562643), with radius = 0.5
INFO:root:Entity Planet (id: 7) at position: (x = 163.84022621028015, y = 92.61645334632854), with radius = 7.810265615156868
INFO:root:couldn't access it
INFO:root:t 5 7 108
INFO:root:---NEW TURN---
INFO:root:Entity Ship (id: 4) at position: (x = 211.8515235610156, y = 50.55083264757642), with radius = 0.5
INFO:root:Entity Planet (id: 22) at position: (x = 228.48510409131933, y = 52.286303403577634), with radius = 4.4553096008268485
INFO:root:couldn't access it
INFO:root:t 4 7 6
INFO:root:Entity Ship (id: 5) at position: (x = 169.18440519687678, y = 76.28697807033038), with radius = 0.5
INFO:root:Entity Planet (id: 7) at position: (x = 163.84022621028015, y = 92.61645334632854), with radius = 7.810265615156868
INFO:root:couldn't access it
INFO:root:t 5 6 108
INFO:root:---NEW TURN---
INFO:root:Entity Ship (id: 4) at position: (x = 218.8131768285935, y = 51.282531890449995), with radius = 0.5
INFO:root:Entity Planet (id: 22) at position: (x = 228.48510409131933, y = 52.286303403577634), with radius = 4.4553096008268485
INFO:root:couldn't access it
INFO:root:t 4 2 6
INFO:root:Entity Ship (id: 5) at position: (x = 167.3303032306271, y = 81.9933171681013), with radius = 0.5
INFO:root:Entity Planet (id: 7) at position: (x = 163.84022621028015, y = 92.61645334632854), with radius = 7.810265615156868
INFO:root:couldn't access it
INFO:root:---NEW TURN---
INFO:root:Entity Ship (id: 4) at position: (x = 220.80222061933006, y = 51.4915888169853), with radius = 0.5
INFO:root:Entity Planet (id: 22) at position: (x = 228.48510409131933, y = 52.286303403577634), with radius = 4.4553096008268485
INFO:root:couldn't access it
INFO:root:---NEW TURN---
INFO:root:---NEW TURN---
INFO:root:---NEW TURN---
INFO:root:---NEW TURN---
INFO:root:---NEW TURN---
INFO:root:---NEW TURN---
INFO:root:---NEW TURN---
INFO:root:---NEW TURN---
INFO:root:---NEW TURN---
INFO:root:---NEW TURN---
INFO:root:---NEW TURN---
INFO:root:---NEW TURN---
INFO:root:---NEW TURN---
INFO:root:---NEW TURN---
INFO:root:---NEW TURN---
INFO:root:---NEW TURN---
INFO:root:---NEW TURN---
INFO:root:---NEW TURN---
INFO:root:---NEW TURN---
INFO:root:---NEW TURN---
INFO:root:---NEW TURN---
INFO:root:---NEW TURN---
INFO:root:---NEW TURN---
INFO:root:---NEW TURN---
INFO:root:---NEW TURN---
INFO:root:---NEW TURN---
INFO:root:---NEW TURN---
INFO:root:---NEW TURN---
INFO:root:---NEW TURN---
INFO:root:---NEW TURN---
INFO:root:---NEW TURN---
INFO:root:---NEW TURN---
INFO:root:---NEW TURN---
INFO:root:---NEW TURN---
INFO:root:---NEW TURN---
INFO:root:---NEW TURN---
INFO:root:---NEW TURN---
INFO:root:---NEW TURN---
INFO:root:---NEW TURN---
INFO:root:---NEW TURN---
INFO:root:---NEW TURN---
INFO:root:---NEW TURN---
INFO:root:---NEW TURN---
INFO:root:---NEW TURN---
INFO:root:---NEW TURN---
INFO:root:---NEW TURN---
INFO:root:---NEW TURN---
INFO:root:---NEW TURN---
INFO:root:---NEW TURN---
INFO:root:---NEW TURN---
INFO:root:---NEW TURN---
INFO:root:---NEW TURN---
INFO:root:---NEW TURN---
INFO:root:---NEW TURN---
INFO:root:---NEW TURN---
INFO:root:---NEW TURN---
INFO:root:---NEW TURN---
INFO:root:---NEW TURN---
INFO:root:---NEW TURN---
INFO:root:---NEW TURN---
INFO:root:---NEW TURN---
INFO:root:---NEW TURN---
INFO:root:---NEW TURN---
INFO:root:---NEW TURN---
INFO:root:---NEW TURN---
INFO:root:---NEW TURN---
INFO:root:---NEW TURN---
INFO:root:---NEW TURN---
INFO:root:---NEW TURN---
INFO:root:---NEW TURN---
INFO:root:---NEW TURN---
INFO:root:---NEW TURN---
INFO:root:---NEW TURN---
INFO:root:---NEW TURN---
INFO:root:---NEW TURN---
INFO:root:---NEW TURN---
INFO:root:---NEW TURN---
INFO:root:---NEW TURN---
INFO:root:---NEW TURN---
INFO:root:---NEW TURN---
INFO:root:---NEW TURN---
INFO:root:---NEW TURN---
INFO:root:---NEW TURN---
INFO:root:---NEW TURN---
INFO:root:---NEW TURN---
INFO:root:---NEW TURN---
INFO:root:---NEW TURN---
INFO:root:---NEW TURN---
INFO:root:---NEW TURN---
INFO:root:---NEW TURN---
INFO:root:---NEW TURN---
INFO:root:---NEW TURN---
INFO:root:---NEW TURN---
INFO:root:---NEW TURN---
INFO:root:---NEW TURN---
INFO:root:---NEW TURN---
INFO:root:---NEW TURN---
INFO:root:---NEW TURN---
INFO:root:---NEW TURN---
INFO:root:---NEW TURN---
INFO:root:---NEW TURN---
INFO:root:---NEW TURN---
INFO:root:---NEW TURN---
INFO:root:---NEW TURN---
INFO:root:---NEW TURN---
INFO:root:---NEW TURN---
INFO:root:---NEW TURN---
INFO:root:---NEW TURN---
INFO:root:---NEW TURN---
INFO:root:---NEW TURN---
INFO:root:---NEW TURN---
INFO:root:---NEW TURN---
INFO:root:---NEW TURN---
INFO:root:---NEW TURN---
INFO:root:---NEW TURN---
INFO:root:---NEW TURN---
INFO:root:---NEW TURN---
INFO:root:---NEW TURN---
INFO:root:---NEW TURN---
INFO:root:---NEW TURN---
INFO:root:---NEW TURN---
INFO:root:---NEW TURN---
INFO:root:---NEW TURN---
INFO:root:---NEW TURN---
INFO:root:---NEW TURN---
INFO:root:---NEW TURN---
INFO:root:---NEW TURN---
INFO:root:---NEW TURN---
INFO:root:---NEW TURN---
INFO:root:---NEW TURN---
INFO:root:---NEW TURN---
INFO:root:---NEW TURN---
INFO:root:---NEW TURN---
INFO:root:---NEW TURN---
INFO:root:---NEW TURN---
INFO:root:---NEW TURN---
INFO:root:---NEW TURN---
INFO:root:---NEW TURN---
INFO:root:---NEW TURN---
INFO:root:---NEW TURN---
INFO:root:---NEW TURN---
INFO:root:---NEW TURN---
INFO:root:---NEW TURN---
INFO:root:---NEW TURN---
INFO:root:---NEW TURN---
INFO:root:---NEW TURN---
INFO:root:---NEW TURN---
INFO:root:---NEW TURN---
INFO:root:---NEW TURN---
INFO:root:---NEW TURN---
INFO:root:---NEW TURN---
INFO:root:---NEW TURN---
INFO:root:---NEW TURN---
INFO:root:---NEW TURN---
INFO:root:---NEW TURN---
INFO:root:---NEW TURN---
INFO:root:---NEW TURN---
INFO:root:---NEW TURN---
INFO:root:---NEW TURN---
INFO:root:---NEW TURN---
INFO:root:---NEW TURN---
INFO:root:---NEW TURN---
INFO:root:---NEW TURN---
INFO:root:---NEW TURN---
INFO:root:---NEW TURN---
INFO:root:---NEW TURN---
INFO:root:---NEW TURN---
INFO:root:---NEW TURN---
INFO:root:---NEW TURN---
INFO:root:---NEW TURN---
INFO:root:---NEW TURN---
INFO:root:---NEW TURN---
INFO:root:---NEW TURN---
INFO:root:---NEW TURN---
INFO:root:---NEW TURN---
INFO:root:---NEW TURN---
INFO:root:---NEW TURN---
INFO:root:---NEW TURN---
INFO:root:---NEW TURN---
INFO:root:---NEW TURN---
INFO:root:---NEW TURN---
INFO:root:---NEW TURN---
INFO:root:---NEW TURN---
INFO:root:---NEW TURN---
INFO:root:---NEW TURN---
INFO:root:---NEW TURN---
INFO:root:---NEW TURN---
INFO:root:---NEW TURN---
INFO:root:---NEW TURN---
