INFO:root:Initialized bot LongBot
INFO:root:---NEW TURN---
INFO:root:Starting LongBot
INFO:root:---NEW TURN---
INFO:root:---NEW TURN---
INFO:root:Entity Ship (id: 9) at position: (x = 180.0, y = 120.0), with radius = 0.5
INFO:root:Entity Planet (id: 14) at position: (x = 196.93787286354086, y = 81.12455503684438), with radius = 9.016596317824508
INFO:root:couldn't access it
INFO:root:t 9 7 294
INFO:root:Entity Ship (id: 10) at position: (x = 180.0, y = 117.0), with radius = 0.5
INFO:root:Entity Planet (id: 5) at position: (x = 220.35408911821816, y = 98.84786014653719), with radius = 6.582404188899792
INFO:root:couldn't access it
INFO:root:t 10 7 336
INFO:root:Entity Ship (id: 11) at position: (x = 180.0, y = 123.0), with radius = 0.5
INFO:root:Entity Planet (id: 5) at position: (x = 220.35408911821816, y = 98.84786014653719), with radius = 6.582404188899792
INFO:root:couldn't access it
INFO:root:t 11 7 329
INFO:root:---NEW TURN---
INFO:root:Entity Ship (id: 9) at position: (x = 182.8471565015306, y = 113.6051817965018), with radius = 0.5
INFO:root:Entity Planet (id: 14) at position: (x = 196.93787286354086, y = 81.12455503684438), with radius = 9.016596317824508
INFO:root:couldn't access it
INFO:root:t 9 7 293
INFO:root:Entity Ship (id: 10) at position: (x = 186.3948182034982, y = 114.1528434984694), with radius = 0.5
INFO:root:Entity Planet (id: 5) at position: (x = 220.35408911821816, y = 98.84786014653719), with radius = 6.582404188899792
INFO:root:couldn't access it
INFO:root:t 10 7 336
INFO:root:Entity Ship (id: 11) at position: (x = 186.00017110491478, y = 119.39473347562962), with radius = 0.5
INFO:root:Entity Planet (id: 5) at position: (x = 220.35408911821816, y = 98.84786014653719), with radius = 6.582404188899792
INFO:root:couldn't access it
INFO:root:t 11 7 329
INFO:root:---NEW TURN---
INFO:root:Entity Ship (id: 9) at position: (x = 185.58227440095553, y = 107.16164782233471), with radius = 0.5
INFO:root:Entity Planet (id: 14) at position: (x = 196.93787286354086, y = 81.12455503684438), with radius = 9.016596317824508
INFO:root:couldn't access it
INFO:root:t 9 7 294
INFO:root:Entity Ship (id: 10) at position: (x = 192.7896364069964, y = 111.30568699693879), with radius = 0.5
INFO:root:Entity Planet (id: 5) at position: (x = 220.35408911821816, y = 98.84786014653719), with radius = 6.582404188899792
INFO:root:couldn't access it
INFO:root:t 10 7 336
INFO:root:Entity Ship (id: 11) at position: (x = 192.00034220982957, y = 115.78946695125924), with radius = 0.5
INFO:root:Entity Planet (id: 5) at position: (x = 220.35408911821816, y = 98.84786014653719), with radius = 6.582404188899792
INFO:root:couldn't access it
INFO:root:t 11 7 329
INFO:root:---NEW TURN---
INFO:root:Entity Ship (id: 9) at position: (x = 188.42943090248613, y = 100.76682961883651), with radius = 0.5
INFO:root:Entity Planet (id: 14) at position: (x = 196.93787286354086, y = 81.12455503684438), with radius = 9.016596317824508
INFO:root:couldn't access it
INFO:root:t 9 7 293
INFO:root:Entity Ship (id: 10) at position: (x = 199.1844546104946, y = 108.45853049540818), with radius = 0.5
INFO:root:Entity Planet (id: 5) at position: (x = 220.35408911821816, y = 98.84786014653719), with radius = 6.582404188899792
INFO:root:couldn't access it
INFO:root:t 10 7 336
INFO:root:Entity Ship (id: 11) at position: (x = 198.00051331474435, y = 112.18420042688886), with radius = 0.5
INFO:root:Entity Planet (id: 5) at position: (x = 220.35408911821816, y = 98.84786014653719), with radius = 6.582404188899792
INFO:root:couldn't access it
INFO:root:t 11 7 329
INFO:root:---NEW TURN---
INFO:root:Entity Ship (id: 9) at position: (x = 191.16454880191105, y = 94.32329564466943), with radius = 0.5
INFO:root:Entity Planet (id: 14) at position: (x = 196.93787286354086, y = 81.12455503684438), with radius = 9.016596317824508
INFO:root:couldn't access it
INFO:root:t 9 2 294
INFO:root:Entity Ship (id: 10) at position: (x = 205.57927281399282, y = 105.61137399387758), with radius = 0.5
INFO:root:Entity Planet (id: 5) at position: (x = 220.35408911821816, y = 98.84786014653719), with radius = 6.582404188899792
INFO:root:couldn't access it
INFO:root:t 10 6 335
INFO:root:Entity Ship (id: 11) at position: (x = 204.00068441965914, y = 108.57893390251849), with radius = 0.5
INFO:root:Entity Planet (id: 5) at position: (x = 220.35408911821816, y = 98.84786014653719), with radius = 6.582404188899792
INFO:root:couldn't access it
INFO:root:t 11 7 329
INFO:root:---NEW TURN---
INFO:root:Entity Ship (id: 9) at position: (x = 191.97802208806266, y = 92.49620472938423), with radius = 0.5
INFO:root:Entity Planet (id: 14) at position: (x = 196.93787286354086, y = 81.12455503684438), with radius = 9.016596317824508
INFO:root:couldn't access it
INFO:root:Entity Ship (id: 10) at position: (x = 211.0171195362127, y = 103.07566442343338), with radius = 0.5
INFO:root:Entity Planet (id: 5) at position: (x = 220.35408911821816, y = 98.84786014653719), with radius = 6.582404188899792
INFO:root:couldn't access it
INFO:root:Entity Ship (id: 11) at position: (x = 210.00085552457392, y = 104.97366737814811), with radius = 0.5
INFO:root:Entity Planet (id: 5) at position: (x = 220.35408911821816, y = 98.84786014653719), with radius = 6.582404188899792
INFO:root:couldn't access it
INFO:root:t 11 2 329
INFO:root:---NEW TURN---
INFO:root:Entity Ship (id: 11) at position: (x = 211.71519012597815, y = 103.943591228328), with radius = 0.5
INFO:root:Entity Planet (id: 5) at position: (x = 220.35408911821816, y = 98.84786014653719), with radius = 6.582404188899792
INFO:root:couldn't access it
INFO:root:---NEW TURN---
INFO:root:---NEW TURN---
INFO:root:---NEW TURN---
INFO:root:---NEW TURN---
INFO:root:---NEW TURN---
INFO:root:---NEW TURN---
INFO:root:---NEW TURN---
INFO:root:---NEW TURN---
INFO:root:---NEW TURN---
INFO:root:---NEW TURN---
INFO:root:---NEW TURN---
INFO:root:---NEW TURN---
INFO:root:---NEW TURN---
INFO:root:---NEW TURN---
INFO:root:---NEW TURN---
INFO:root:---NEW TURN---
INFO:root:---NEW TURN---
INFO:root:---NEW TURN---
INFO:root:---NEW TURN---
INFO:root:---NEW TURN---
INFO:root:---NEW TURN---
INFO:root:---NEW TURN---
INFO:root:---NEW TURN---
INFO:root:---NEW TURN---
INFO:root:---NEW TURN---
INFO:root:---NEW TURN---
INFO:root:---NEW TURN---
INFO:root:---NEW TURN---
INFO:root:---NEW TURN---
INFO:root:---NEW TURN---
INFO:root:---NEW TURN---
INFO:root:---NEW TURN---
INFO:root:---NEW TURN---
INFO:root:---NEW TURN---
INFO:root:---NEW TURN---
INFO:root:---NEW TURN---
INFO:root:---NEW TURN---
INFO:root:---NEW TURN---
INFO:root:---NEW TURN---
INFO:root:---NEW TURN---
INFO:root:---NEW TURN---
INFO:root:---NEW TURN---
INFO:root:---NEW TURN---
INFO:root:---NEW TURN---
INFO:root:---NEW TURN---
INFO:root:---NEW TURN---
INFO:root:---NEW TURN---
INFO:root:---NEW TURN---
INFO:root:---NEW TURN---
INFO:root:---NEW TURN---
INFO:root:---NEW TURN---
INFO:root:---NEW TURN---
INFO:root:---NEW TURN---
INFO:root:---NEW TURN---
INFO:root:---NEW TURN---
INFO:root:---NEW TURN---
INFO:root:---NEW TURN---
INFO:root:---NEW TURN---
INFO:root:---NEW TURN---
INFO:root:---NEW TURN---
INFO:root:---NEW TURN---
INFO:root:---NEW TURN---
INFO:root:---NEW TURN---
INFO:root:---NEW TURN---
INFO:root:---NEW TURN---
INFO:root:---NEW TURN---
INFO:root:---NEW TURN---
INFO:root:---NEW TURN---
INFO:root:---NEW TURN---
INFO:root:---NEW TURN---
INFO:root:---NEW TURN---
INFO:root:---NEW TURN---
INFO:root:---NEW TURN---
INFO:root:---NEW TURN---
INFO:root:---NEW TURN---
INFO:root:---NEW TURN---
INFO:root:---NEW TURN---
INFO:root:---NEW TURN---
INFO:root:---NEW TURN---
INFO:root:---NEW TURN---
INFO:root:---NEW TURN---
INFO:root:---NEW TURN---
INFO:root:---NEW TURN---
INFO:root:---NEW TURN---
INFO:root:---NEW TURN---
INFO:root:---NEW TURN---
INFO:root:---NEW TURN---
INFO:root:---NEW TURN---
INFO:root:---NEW TURN---
INFO:root:---NEW TURN---
INFO:root:---NEW TURN---
INFO:root:---NEW TURN---
INFO:root:---NEW TURN---
INFO:root:---NEW TURN---
INFO:root:---NEW TURN---
INFO:root:---NEW TURN---
INFO:root:---NEW TURN---
INFO:root:---NEW TURN---
INFO:root:---NEW TURN---
INFO:root:---NEW TURN---
INFO:root:---NEW TURN---
INFO:root:---NEW TURN---
INFO:root:---NEW TURN---
INFO:root:---NEW TURN---
INFO:root:---NEW TURN---
INFO:root:---NEW TURN---
INFO:root:---NEW TURN---
INFO:root:---NEW TURN---
INFO:root:---NEW TURN---
INFO:root:---NEW TURN---
INFO:root:---NEW TURN---
INFO:root:---NEW TURN---
INFO:root:---NEW TURN---
INFO:root:---NEW TURN---
INFO:root:---NEW TURN---
INFO:root:---NEW TURN---
INFO:root:---NEW TURN---
INFO:root:---NEW TURN---
INFO:root:---NEW TURN---
INFO:root:---NEW TURN---
INFO:root:---NEW TURN---
INFO:root:---NEW TURN---
INFO:root:---NEW TURN---
INFO:root:---NEW TURN---
INFO:root:---NEW TURN---
INFO:root:---NEW TURN---
INFO:root:---NEW TURN---
INFO:root:---NEW TURN---
INFO:root:---NEW TURN---
INFO:root:---NEW TURN---
INFO:root:---NEW TURN---
INFO:root:---NEW TURN---
INFO:root:---NEW TURN---
INFO:root:---NEW TURN---
INFO:root:---NEW TURN---
INFO:root:---NEW TURN---
INFO:root:---NEW TURN---
INFO:root:---NEW TURN---
INFO:root:---NEW TURN---
INFO:root:---NEW TURN---
INFO:root:---NEW TURN---
INFO:root:---NEW TURN---
INFO:root:---NEW TURN---
INFO:root:---NEW TURN---
